#
# There is insufficient memory for the Java Runtime Environment to continue.
# Native memory allocation (malloc) failed to allocate 204576 bytes for Chunk::new
# Possible reasons:
#   The system is out of physical RAM or swap space
#   The process is running with CompressedOops enabled, and the Java Heap may be blocking the growth of the native heap
# Possible solutions:
#   Reduce memory load on the system
#   Increase physical memory or swap space
#   Check if swap backing store is full
#   Decrease Java heap size (-Xmx/-Xms)
#   Decrease number of Java threads
#   Decrease Java thread stack sizes (-Xss)
#   Set larger code cache with -XX:ReservedCodeCacheSize=
#   JVM is running with Unscaled Compressed Oops mode in which the Java heap is
#     placed in the first 4GB address space. The Java Heap base address is the
#     maximum limit for the native heap growth. Please use -XX:HeapBaseMinAddress
#     to set the Java Heap base and to place the Java Heap above 4GB virtual address.
# This output file may be truncated or incomplete.
#
#  Out of Memory Error (arena.cpp:189), pid=9672, tid=5612
#
# JRE version: OpenJDK Runtime Environment (17.0.6) (build 17.0.6+0-b2043.56-10027231)
# Java VM: OpenJDK 64-Bit Server VM (17.0.6+0-b2043.56-10027231, mixed mode, tiered, compressed oops, compressed class ptrs, g1 gc, windows-amd64)
# No core dump will be written. Minidumps are not enabled by default on client versions of Windows
#

---------------  S U M M A R Y ------------

Command Line: -Dorg.gradle.appname=gradlew org.gradle.wrapper.GradleWrapperMain -q -Ptarget-platform=android-arm64 -Ptarget=D:\simulasi_app\belajar_app\lib\main.dart -Pbase-application-name=android.app.Application -Pdart-defines=RkxVVFRFUl9XRUJfQVVUT19ERVRFQ1Q9dHJ1ZQ==,RkxVVFRFUl9XRUJfQ0FOVkFTS0lUX1VSTD1odHRwczovL3d3dy5nc3RhdGljLmNvbS9mbHV0dGVyLWNhbnZhc2tpdC9iZDk4NmM1ZWQyMGE2MmRjMzRiNzcxOGM1MGFiYzc4MmJlYWU0YzMzLw== -Pdart-obfuscation=false -Ptrack-widget-creation=true -Ptree-shake-icons=false -Pfilesystem-scheme=org-dartlang-root assembleDebug

Host: Intel(R) Core(TM) i3-2370M CPU @ 2.40GHz, 4 cores, 5G,  Windows 10 , 64 bit Build 19041 (10.0.19041.3570)
Time: Sat Oct 21 19:13:49 2023 SE Asia Standard Time elapsed time: 1.503409 seconds (0d 0h 0m 1s)

---------------  T H R E A D  ---------------

Current thread (0x0000022ef0c2e0a0):  JavaThread "C2 CompilerThread0" daemon [_thread_in_native, id=5612, stack(0x000000eb85d00000,0x000000eb85e00000)]


Current CompileTask:
C2:   1503  746   !   4       jdk.internal.loader.URLClassPath$JarLoader::getResource (65 bytes)

Stack: [0x000000eb85d00000,0x000000eb85e00000]
Native frames: (J=compiled Java code, j=interpreted, Vv=VM code, C=native code)
V  [jvm.dll+0x683c9a]
V  [jvm.dll+0x8427a4]
V  [jvm.dll+0x843f9e]
V  [jvm.dll+0x844603]
V  [jvm.dll+0x249b75]
V  [jvm.dll+0xabcac]
V  [jvm.dll+0xac27c]
V  [jvm.dll+0x2b0eef]
V  [jvm.dll+0x58a267]
V  [jvm.dll+0x2243b2]
V  [jvm.dll+0x21d8bf]
V  [jvm.dll+0x21b51b]
V  [jvm.dll+0x1a4fdd]
V  [jvm.dll+0x22b098]
V  [jvm.dll+0x229159]
V  [jvm.dll+0x7f81ec]
V  [jvm.dll+0x7f274a]
V  [jvm.dll+0x682ad5]
C  [ucrtbase.dll+0x21bb2]
C  [KERNEL32.DLL+0x17344]
C  [ntdll.dll+0x526b1]


---------------  P R O C E S S  ---------------

Threads class SMR info:
_java_thread_list=0x0000022ef0d65fa0, length=12, elements={
0x0000022ed7ffc8f0, 0x0000022ef01a70f0, 0x0000022ef01a80f0, 0x0000022ef0c28550,
0x0000022ef0c2c330, 0x0000022ef0c2cbf0, 0x0000022ef0c2d4b0, 0x0000022ef0c2e0a0,
0x0000022ef0c2ea50, 0x0000022ef022e0e0, 0x0000022ef0d53700, 0x0000022ef0d69430
}

Java Threads: ( => current thread )
  0x0000022ed7ffc8f0 JavaThread "main" [_thread_in_vm, id=5048, stack(0x000000eb85000000,0x000000eb85100000)]
  0x0000022ef01a70f0 JavaThread "Reference Handler" daemon [_thread_blocked, id=6124, stack(0x000000eb85700000,0x000000eb85800000)]
  0x0000022ef01a80f0 JavaThread "Finalizer" daemon [_thread_blocked, id=11916, stack(0x000000eb85800000,0x000000eb85900000)]
  0x0000022ef0c28550 JavaThread "Signal Dispatcher" daemon [_thread_blocked, id=10424, stack(0x000000eb85900000,0x000000eb85a00000)]
  0x0000022ef0c2c330 JavaThread "Attach Listener" daemon [_thread_blocked, id=2628, stack(0x000000eb85a00000,0x000000eb85b00000)]
  0x0000022ef0c2cbf0 JavaThread "Service Thread" daemon [_thread_blocked, id=9892, stack(0x000000eb85b00000,0x000000eb85c00000)]
  0x0000022ef0c2d4b0 JavaThread "Monitor Deflation Thread" daemon [_thread_blocked, id=504, stack(0x000000eb85c00000,0x000000eb85d00000)]
=>0x0000022ef0c2e0a0 JavaThread "C2 CompilerThread0" daemon [_thread_in_native, id=5612, stack(0x000000eb85d00000,0x000000eb85e00000)]
  0x0000022ef0c2ea50 JavaThread "C1 CompilerThread0" daemon [_thread_in_native, id=8580, stack(0x000000eb85e00000,0x000000eb85f00000)]
  0x0000022ef022e0e0 JavaThread "Sweeper thread" daemon [_thread_blocked, id=2492, stack(0x000000eb85f00000,0x000000eb86000000)]
  0x0000022ef0d53700 JavaThread "Notification Thread" daemon [_thread_blocked, id=3516, stack(0x000000eb86000000,0x000000eb86100000)]
  0x0000022ef0d69430 JavaThread "Common-Cleaner" daemon [_thread_blocked, id=4200, stack(0x000000eb86200000,0x000000eb86300000)]

Other Threads:
  0x0000022ef01da430 VMThread "VM Thread" [stack: 0x000000eb85600000,0x000000eb85700000] [id=10124]
  0x0000022ef0cf7360 WatcherThread [stack: 0x000000eb86100000,0x000000eb86200000] [id=10116]
  0x0000022ed8049370 GCTaskThread "GC Thread#0" [stack: 0x000000eb85100000,0x000000eb85200000] [id=5300]
  0x0000022ef1180490 GCTaskThread "GC Thread#1" [stack: 0x000000eb86300000,0x000000eb86400000] [id=6344]
  0x0000022ef0f68240 GCTaskThread "GC Thread#2" [stack: 0x000000eb86400000,0x000000eb86500000] [id=11668]
  0x0000022ef11d5420 GCTaskThread "GC Thread#3" [stack: 0x000000eb86500000,0x000000eb86600000] [id=10516]
  0x0000022ed8055e10 ConcurrentGCThread "G1 Main Marker" [stack: 0x000000eb85200000,0x000000eb85300000] [id=12264]
  0x0000022ed8056ed0 ConcurrentGCThread "G1 Conc#0" [stack: 0x000000eb85300000,0x000000eb85400000] [id=2648]
  0x0000022ed80b9f70 ConcurrentGCThread "G1 Refine#0" [stack: 0x000000eb85400000,0x000000eb85500000] [id=11764]
  0x0000022ed80ba8a0 ConcurrentGCThread "G1 Service" [stack: 0x000000eb85500000,0x000000eb85600000] [id=9352]

Threads with active compile tasks:
C2 CompilerThread0     1540  746   !   4       jdk.internal.loader.URLClassPath$JarLoader::getResource (65 bytes)
C1 CompilerThread0     1540  759       3       sun.net.www.protocol.jar.Handler::parseContextSpec (150 bytes)

VM state: not at safepoint (normal execution)

VM Mutex/Monitor currently owned by a thread: None

Heap address: 0x00000000a1e00000, size: 1506 MB, Compressed Oops mode: 32-bit

CDS archive(s) not mapped
Compressed class space mapped at: 0x0000000100000000-0x0000000140000000, reserved size: 1073741824
Narrow klass base: 0x0000000000000000, Narrow klass shift: 3, Narrow klass range: 0x140000000

GC Precious Log:
 CPUs: 4 total, 4 available
 Memory: 6018M
 Large Page Support: Disabled
 NUMA Support: Disabled
 Compressed Oops: Enabled (32-bit)
 Heap Region Size: 1M
 Heap Min Capacity: 8M
 Heap Initial Capacity: 96M
 Heap Max Capacity: 1506M
 Pre-touch: Disabled
 Parallel Workers: 4
 Concurrent Workers: 1
 Concurrent Refinement Workers: 4
 Periodic GC: Disabled

Heap:
 garbage-first heap   total 98304K, used 13680K [0x00000000a1e00000, 0x0000000100000000)
  region size 1024K, 10 young (10240K), 2 survivors (2048K)
 Metaspace       used 10515K, committed 10688K, reserved 1064960K
  class space    used 1056K, committed 1152K, reserved 1048576K

Heap Regions: E=young(eden), S=young(survivor), O=old, HS=humongous(starts), HC=humongous(continues), CS=collection set, F=free, OA=open archive, CA=closed archive, TAMS=top-at-mark-start (previous, next)
|   0|0x00000000a1e00000, 0x00000000a1f00000, 0x00000000a1f00000|100%|HS|  |TAMS 0x00000000a1e00000, 0x00000000a1e00000| Complete 
|   1|0x00000000a1f00000, 0x00000000a2000000, 0x00000000a2000000|100%|HC|  |TAMS 0x00000000a1f00000, 0x00000000a1f00000| Complete 
|   2|0x00000000a2000000, 0x00000000a2100000, 0x00000000a2100000|100%|HC|  |TAMS 0x00000000a2000000, 0x00000000a2000000| Complete 
|   3|0x00000000a2100000, 0x00000000a2200000, 0x00000000a2200000|100%| O|  |TAMS 0x00000000a2100000, 0x00000000a2100000| Untracked 
|   4|0x00000000a2200000, 0x00000000a225c000, 0x00000000a2300000| 35%| O|  |TAMS 0x00000000a2200000, 0x00000000a2200000| Untracked 
|   5|0x00000000a2300000, 0x00000000a2300000, 0x00000000a2400000|  0%| F|  |TAMS 0x00000000a2300000, 0x00000000a2300000| Untracked 
|   6|0x00000000a2400000, 0x00000000a2400000, 0x00000000a2500000|  0%| F|  |TAMS 0x00000000a2400000, 0x00000000a2400000| Untracked 
|   7|0x00000000a2500000, 0x00000000a2500000, 0x00000000a2600000|  0%| F|  |TAMS 0x00000000a2500000, 0x00000000a2500000| Untracked 
|   8|0x00000000a2600000, 0x00000000a2600000, 0x00000000a2700000|  0%| F|  |TAMS 0x00000000a2600000, 0x00000000a2600000| Untracked 
|   9|0x00000000a2700000, 0x00000000a2700000, 0x00000000a2800000|  0%| F|  |TAMS 0x00000000a2700000, 0x00000000a2700000| Untracked 
|  10|0x00000000a2800000, 0x00000000a2800000, 0x00000000a2900000|  0%| F|  |TAMS 0x00000000a2800000, 0x00000000a2800000| Untracked 
|  11|0x00000000a2900000, 0x00000000a2900000, 0x00000000a2a00000|  0%| F|  |TAMS 0x00000000a2900000, 0x00000000a2900000| Untracked 
|  12|0x00000000a2a00000, 0x00000000a2a00000, 0x00000000a2b00000|  0%| F|  |TAMS 0x00000000a2a00000, 0x00000000a2a00000| Untracked 
|  13|0x00000000a2b00000, 0x00000000a2b00000, 0x00000000a2c00000|  0%| F|  |TAMS 0x00000000a2b00000, 0x00000000a2b00000| Untracked 
|  14|0x00000000a2c00000, 0x00000000a2c00000, 0x00000000a2d00000|  0%| F|  |TAMS 0x00000000a2c00000, 0x00000000a2c00000| Untracked 
|  15|0x00000000a2d00000, 0x00000000a2d00000, 0x00000000a2e00000|  0%| F|  |TAMS 0x00000000a2d00000, 0x00000000a2d00000| Untracked 
|  16|0x00000000a2e00000, 0x00000000a2e00000, 0x00000000a2f00000|  0%| F|  |TAMS 0x00000000a2e00000, 0x00000000a2e00000| Untracked 
|  17|0x00000000a2f00000, 0x00000000a2f00000, 0x00000000a3000000|  0%| F|  |TAMS 0x00000000a2f00000, 0x00000000a2f00000| Untracked 
|  18|0x00000000a3000000, 0x00000000a3000000, 0x00000000a3100000|  0%| F|  |TAMS 0x00000000a3000000, 0x00000000a3000000| Untracked 
|  19|0x00000000a3100000, 0x00000000a3100000, 0x00000000a3200000|  0%| F|  |TAMS 0x00000000a3100000, 0x00000000a3100000| Untracked 
|  20|0x00000000a3200000, 0x00000000a3200000, 0x00000000a3300000|  0%| F|  |TAMS 0x00000000a3200000, 0x00000000a3200000| Untracked 
|  21|0x00000000a3300000, 0x00000000a3300000, 0x00000000a3400000|  0%| F|  |TAMS 0x00000000a3300000, 0x00000000a3300000| Untracked 
|  22|0x00000000a3400000, 0x00000000a3400000, 0x00000000a3500000|  0%| F|  |TAMS 0x00000000a3400000, 0x00000000a3400000| Untracked 
|  23|0x00000000a3500000, 0x00000000a3500000, 0x00000000a3600000|  0%| F|  |TAMS 0x00000000a3500000, 0x00000000a3500000| Untracked 
|  24|0x00000000a3600000, 0x00000000a3600000, 0x00000000a3700000|  0%| F|  |TAMS 0x00000000a3600000, 0x00000000a3600000| Untracked 
|  25|0x00000000a3700000, 0x00000000a3700000, 0x00000000a3800000|  0%| F|  |TAMS 0x00000000a3700000, 0x00000000a3700000| Untracked 
|  26|0x00000000a3800000, 0x00000000a3800000, 0x00000000a3900000|  0%| F|  |TAMS 0x00000000a3800000, 0x00000000a3800000| Untracked 
|  27|0x00000000a3900000, 0x00000000a3900000, 0x00000000a3a00000|  0%| F|  |TAMS 0x00000000a3900000, 0x00000000a3900000| Untracked 
|  28|0x00000000a3a00000, 0x00000000a3a00000, 0x00000000a3b00000|  0%| F|  |TAMS 0x00000000a3a00000, 0x00000000a3a00000| Untracked 
|  29|0x00000000a3b00000, 0x00000000a3b00000, 0x00000000a3c00000|  0%| F|  |TAMS 0x00000000a3b00000, 0x00000000a3b00000| Untracked 
|  30|0x00000000a3c00000, 0x00000000a3c00000, 0x00000000a3d00000|  0%| F|  |TAMS 0x00000000a3c00000, 0x00000000a3c00000| Untracked 
|  31|0x00000000a3d00000, 0x00000000a3d00000, 0x00000000a3e00000|  0%| F|  |TAMS 0x00000000a3d00000, 0x00000000a3d00000| Untracked 
|  32|0x00000000a3e00000, 0x00000000a3e00000, 0x00000000a3f00000|  0%| F|  |TAMS 0x00000000a3e00000, 0x00000000a3e00000| Untracked 
|  33|0x00000000a3f00000, 0x00000000a3f00000, 0x00000000a4000000|  0%| F|  |TAMS 0x00000000a3f00000, 0x00000000a3f00000| Untracked 
|  34|0x00000000a4000000, 0x00000000a4000000, 0x00000000a4100000|  0%| F|  |TAMS 0x00000000a4000000, 0x00000000a4000000| Untracked 
|  35|0x00000000a4100000, 0x00000000a4100000, 0x00000000a4200000|  0%| F|  |TAMS 0x00000000a4100000, 0x00000000a4100000| Untracked 
|  36|0x00000000a4200000, 0x00000000a4200000, 0x00000000a4300000|  0%| F|  |TAMS 0x00000000a4200000, 0x00000000a4200000| Untracked 
|  37|0x00000000a4300000, 0x00000000a4300000, 0x00000000a4400000|  0%| F|  |TAMS 0x00000000a4300000, 0x00000000a4300000| Untracked 
|  38|0x00000000a4400000, 0x00000000a4400000, 0x00000000a4500000|  0%| F|  |TAMS 0x00000000a4400000, 0x00000000a4400000| Untracked 
|  39|0x00000000a4500000, 0x00000000a4500000, 0x00000000a4600000|  0%| F|  |TAMS 0x00000000a4500000, 0x00000000a4500000| Untracked 
|  40|0x00000000a4600000, 0x00000000a4600000, 0x00000000a4700000|  0%| F|  |TAMS 0x00000000a4600000, 0x00000000a4600000| Untracked 
|  41|0x00000000a4700000, 0x00000000a4700000, 0x00000000a4800000|  0%| F|  |TAMS 0x00000000a4700000, 0x00000000a4700000| Untracked 
|  42|0x00000000a4800000, 0x00000000a4800000, 0x00000000a4900000|  0%| F|  |TAMS 0x00000000a4800000, 0x00000000a4800000| Untracked 
|  43|0x00000000a4900000, 0x00000000a4900000, 0x00000000a4a00000|  0%| F|  |TAMS 0x00000000a4900000, 0x00000000a4900000| Untracked 
|  44|0x00000000a4a00000, 0x00000000a4a00000, 0x00000000a4b00000|  0%| F|  |TAMS 0x00000000a4a00000, 0x00000000a4a00000| Untracked 
|  45|0x00000000a4b00000, 0x00000000a4b00000, 0x00000000a4c00000|  0%| F|  |TAMS 0x00000000a4b00000, 0x00000000a4b00000| Untracked 
|  46|0x00000000a4c00000, 0x00000000a4c00000, 0x00000000a4d00000|  0%| F|  |TAMS 0x00000000a4c00000, 0x00000000a4c00000| Untracked 
|  47|0x00000000a4d00000, 0x00000000a4d00000, 0x00000000a4e00000|  0%| F|  |TAMS 0x00000000a4d00000, 0x00000000a4d00000| Untracked 
|  48|0x00000000a4e00000, 0x00000000a4e00000, 0x00000000a4f00000|  0%| F|  |TAMS 0x00000000a4e00000, 0x00000000a4e00000| Untracked 
|  49|0x00000000a4f00000, 0x00000000a4f00000, 0x00000000a5000000|  0%| F|  |TAMS 0x00000000a4f00000, 0x00000000a4f00000| Untracked 
|  50|0x00000000a5000000, 0x00000000a5000000, 0x00000000a5100000|  0%| F|  |TAMS 0x00000000a5000000, 0x00000000a5000000| Untracked 
|  51|0x00000000a5100000, 0x00000000a5100000, 0x00000000a5200000|  0%| F|  |TAMS 0x00000000a5100000, 0x00000000a5100000| Untracked 
|  52|0x00000000a5200000, 0x00000000a5200000, 0x00000000a5300000|  0%| F|  |TAMS 0x00000000a5200000, 0x00000000a5200000| Untracked 
|  53|0x00000000a5300000, 0x00000000a5300000, 0x00000000a5400000|  0%| F|  |TAMS 0x00000000a5300000, 0x00000000a5300000| Untracked 
|  54|0x00000000a5400000, 0x00000000a5400000, 0x00000000a5500000|  0%| F|  |TAMS 0x00000000a5400000, 0x00000000a5400000| Untracked 
|  55|0x00000000a5500000, 0x00000000a5500000, 0x00000000a5600000|  0%| F|  |TAMS 0x00000000a5500000, 0x00000000a5500000| Untracked 
|  56|0x00000000a5600000, 0x00000000a5600000, 0x00000000a5700000|  0%| F|  |TAMS 0x00000000a5600000, 0x00000000a5600000| Untracked 
|  57|0x00000000a5700000, 0x00000000a5700000, 0x00000000a5800000|  0%| F|  |TAMS 0x00000000a5700000, 0x00000000a5700000| Untracked 
|  58|0x00000000a5800000, 0x00000000a5800000, 0x00000000a5900000|  0%| F|  |TAMS 0x00000000a5800000, 0x00000000a5800000| Untracked 
|  59|0x00000000a5900000, 0x00000000a5900000, 0x00000000a5a00000|  0%| F|  |TAMS 0x00000000a5900000, 0x00000000a5900000| Untracked 
|  60|0x00000000a5a00000, 0x00000000a5a00000, 0x00000000a5b00000|  0%| F|  |TAMS 0x00000000a5a00000, 0x00000000a5a00000| Untracked 
|  61|0x00000000a5b00000, 0x00000000a5b00000, 0x00000000a5c00000|  0%| F|  |TAMS 0x00000000a5b00000, 0x00000000a5b00000| Untracked 
|  62|0x00000000a5c00000, 0x00000000a5c00000, 0x00000000a5d00000|  0%| F|  |TAMS 0x00000000a5c00000, 0x00000000a5c00000| Untracked 
|  63|0x00000000a5d00000, 0x00000000a5d00000, 0x00000000a5e00000|  0%| F|  |TAMS 0x00000000a5d00000, 0x00000000a5d00000| Untracked 
|  64|0x00000000a5e00000, 0x00000000a5e00000, 0x00000000a5f00000|  0%| F|  |TAMS 0x00000000a5e00000, 0x00000000a5e00000| Untracked 
|  65|0x00000000a5f00000, 0x00000000a5f00000, 0x00000000a6000000|  0%| F|  |TAMS 0x00000000a5f00000, 0x00000000a5f00000| Untracked 
|  66|0x00000000a6000000, 0x00000000a6000000, 0x00000000a6100000|  0%| F|  |TAMS 0x00000000a6000000, 0x00000000a6000000| Untracked 
|  67|0x00000000a6100000, 0x00000000a6100000, 0x00000000a6200000|  0%| F|  |TAMS 0x00000000a6100000, 0x00000000a6100000| Untracked 
|  68|0x00000000a6200000, 0x00000000a6200000, 0x00000000a6300000|  0%| F|  |TAMS 0x00000000a6200000, 0x00000000a6200000| Untracked 
|  69|0x00000000a6300000, 0x00000000a6300000, 0x00000000a6400000|  0%| F|  |TAMS 0x00000000a6300000, 0x00000000a6300000| Untracked 
|  70|0x00000000a6400000, 0x00000000a6400000, 0x00000000a6500000|  0%| F|  |TAMS 0x00000000a6400000, 0x00000000a6400000| Untracked 
|  71|0x00000000a6500000, 0x00000000a6500000, 0x00000000a6600000|  0%| F|  |TAMS 0x00000000a6500000, 0x00000000a6500000| Untracked 
|  72|0x00000000a6600000, 0x00000000a6600000, 0x00000000a6700000|  0%| F|  |TAMS 0x00000000a6600000, 0x00000000a6600000| Untracked 
|  73|0x00000000a6700000, 0x00000000a6700000, 0x00000000a6800000|  0%| F|  |TAMS 0x00000000a6700000, 0x00000000a6700000| Untracked 
|  74|0x00000000a6800000, 0x00000000a6800000, 0x00000000a6900000|  0%| F|  |TAMS 0x00000000a6800000, 0x00000000a6800000| Untracked 
|  75|0x00000000a6900000, 0x00000000a6900000, 0x00000000a6a00000|  0%| F|  |TAMS 0x00000000a6900000, 0x00000000a6900000| Untracked 
|  76|0x00000000a6a00000, 0x00000000a6a00000, 0x00000000a6b00000|  0%| F|  |TAMS 0x00000000a6a00000, 0x00000000a6a00000| Untracked 
|  77|0x00000000a6b00000, 0x00000000a6b00000, 0x00000000a6c00000|  0%| F|  |TAMS 0x00000000a6b00000, 0x00000000a6b00000| Untracked 
|  78|0x00000000a6c00000, 0x00000000a6c00000, 0x00000000a6d00000|  0%| F|  |TAMS 0x00000000a6c00000, 0x00000000a6c00000| Untracked 
|  79|0x00000000a6d00000, 0x00000000a6d00000, 0x00000000a6e00000|  0%| F|  |TAMS 0x00000000a6d00000, 0x00000000a6d00000| Untracked 
|  80|0x00000000a6e00000, 0x00000000a6e00000, 0x00000000a6f00000|  0%| F|  |TAMS 0x00000000a6e00000, 0x00000000a6e00000| Untracked 
|  81|0x00000000a6f00000, 0x00000000a7000000, 0x00000000a7000000|100%| S|CS|TAMS 0x00000000a6f00000, 0x00000000a6f00000| Complete 
|  82|0x00000000a7000000, 0x00000000a7100000, 0x00000000a7100000|100%| S|CS|TAMS 0x00000000a7000000, 0x00000000a7000000| Complete 
|  83|0x00000000a7100000, 0x00000000a7100000, 0x00000000a7200000|  0%| F|  |TAMS 0x00000000a7100000, 0x00000000a7100000| Untracked 
|  84|0x00000000a7200000, 0x00000000a7200000, 0x00000000a7300000|  0%| F|  |TAMS 0x00000000a7200000, 0x00000000a7200000| Untracked 
|  85|0x00000000a7300000, 0x00000000a7300000, 0x00000000a7400000|  0%| F|  |TAMS 0x00000000a7300000, 0x00000000a7300000| Untracked 
|  86|0x00000000a7400000, 0x00000000a7400000, 0x00000000a7500000|  0%| F|  |TAMS 0x00000000a7400000, 0x00000000a7400000| Untracked 
|  87|0x00000000a7500000, 0x00000000a7500000, 0x00000000a7600000|  0%| F|  |TAMS 0x00000000a7500000, 0x00000000a7500000| Untracked 
|  88|0x00000000a7600000, 0x00000000a76e70a8, 0x00000000a7700000| 90%| E|  |TAMS 0x00000000a7600000, 0x00000000a7600000| Complete 
|  89|0x00000000a7700000, 0x00000000a7800000, 0x00000000a7800000|100%| E|CS|TAMS 0x00000000a7700000, 0x00000000a7700000| Complete 
|  90|0x00000000a7800000, 0x00000000a7900000, 0x00000000a7900000|100%| E|CS|TAMS 0x00000000a7800000, 0x00000000a7800000| Complete 
|  91|0x00000000a7900000, 0x00000000a7a00000, 0x00000000a7a00000|100%| E|CS|TAMS 0x00000000a7900000, 0x00000000a7900000| Complete 
|  92|0x00000000a7a00000, 0x00000000a7b00000, 0x00000000a7b00000|100%| E|CS|TAMS 0x00000000a7a00000, 0x00000000a7a00000| Complete 
|  93|0x00000000a7b00000, 0x00000000a7c00000, 0x00000000a7c00000|100%| E|CS|TAMS 0x00000000a7b00000, 0x00000000a7b00000| Complete 
|  94|0x00000000a7c00000, 0x00000000a7d00000, 0x00000000a7d00000|100%| E|CS|TAMS 0x00000000a7c00000, 0x00000000a7c00000| Complete 
|  95|0x00000000a7d00000, 0x00000000a7e00000, 0x00000000a7e00000|100%| E|CS|TAMS 0x00000000a7d00000, 0x00000000a7d00000| Complete 

Card table byte_map: [0x0000022eea7d0000,0x0000022eeaad0000] _byte_map_base: 0x0000022eea2c1000

Marking Bits (Prev, Next): (CMBitMap*) 0x0000022ed8049890, (CMBitMap*) 0x0000022ed80498d0
 Prev Bits: [0x0000022eeadd0000, 0x0000022eec558000)
 Next Bits: [0x0000022eec560000, 0x0000022eedce8000)

Polling page: 0x0000022ed5f30000

Metaspace:

Usage:
  Non-class:      9.24 MB used.
      Class:      1.03 MB used.
       Both:     10.27 MB used.

Virtual space:
  Non-class space:       16.00 MB reserved,       9.31 MB ( 58%) committed,  2 nodes.
      Class space:        1.00 GB reserved,       1.12 MB ( <1%) committed,  1 nodes.
             Both:        1.02 GB reserved,      10.44 MB (  1%) committed. 

Chunk freelists:
   Non-Class:  2.40 MB
       Class:  2.94 MB
        Both:  5.34 MB

MaxMetaspaceSize: unlimited
CompressedClassSpaceSize: 1.00 GB
Initial GC threshold: 21.00 MB
Current GC threshold: 21.00 MB
CDS: off
MetaspaceReclaimPolicy: balanced
 - commit_granule_bytes: 65536.
 - commit_granule_words: 8192.
 - virtual_space_node_default_size: 1048576.
 - enlarge_chunks_in_place: 1.
 - new_chunks_are_fully_committed: 0.
 - uncommit_free_chunks: 1.
 - use_allocation_guard: 0.
 - handle_deallocations: 1.


Internal statistics:

num_allocs_failed_limit: 0.
num_arena_births: 18.
num_arena_deaths: 0.
num_vsnodes_births: 3.
num_vsnodes_deaths: 0.
num_space_committed: 167.
num_space_uncommitted: 0.
num_chunks_returned_to_freelist: 0.
num_chunks_taken_from_freelist: 103.
num_chunk_merges: 0.
num_chunk_splits: 60.
num_chunks_enlarged: 53.
num_purges: 0.
num_inconsistent_stats: 0.

CodeHeap 'non-profiled nmethods': size=120000Kb used=246Kb max_used=246Kb free=119753Kb
 bounds [0x0000022ee2fa0000, 0x0000022ee3210000, 0x0000022eea4d0000]
CodeHeap 'profiled nmethods': size=120000Kb used=1354Kb max_used=1354Kb free=118645Kb
 bounds [0x0000022edb4d0000, 0x0000022edb740000, 0x0000022ee2a00000]
CodeHeap 'non-nmethods': size=5760Kb used=1127Kb max_used=1144Kb free=4633Kb
 bounds [0x0000022ee2a00000, 0x0000022ee2c70000, 0x0000022ee2fa0000]
 total_blobs=1164 nmethods=755 adapters=322
 compilation: enabled
              stopped_count=0, restarted_count=0
 full_count=0

Compilation events (20 events):
Event: 1.460 Thread 0x0000022ef0c2e0a0  736   !   4       java.util.jar.JarFile::checkForSpecialAttributes (163 bytes)
Event: 1.460 Thread 0x0000022ef0c2ea50 nmethod 742 0x0000022edb616a10 code [0x0000022edb616c00, 0x0000022edb617088]
Event: 1.460 Thread 0x0000022ef0c2ea50  743   !   3       java.util.zip.Inflater::setInput (69 bytes)
Event: 1.460 Thread 0x0000022ef0c2ea50 nmethod 743 0x0000022edb617410 code [0x0000022edb6175e0, 0x0000022edb6179e8]
Event: 1.464 Thread 0x0000022ef0c2ea50  744       3       java.net.URLClassLoader::getAndVerifyPackage (109 bytes)
Event: 1.466 Thread 0x0000022ef0c2ea50 nmethod 744 0x0000022edb617b90 code [0x0000022edb617f00, 0x0000022edb6190e8]
Event: 1.466 Thread 0x0000022ef0c2ea50  745       3       jdk.internal.perf.PerfCounter::getReadClassBytesTime (4 bytes)
Event: 1.466 Thread 0x0000022ef0c2ea50 nmethod 745 0x0000022edb619710 code [0x0000022edb6198a0, 0x0000022edb619998]
Event: 1.475 Thread 0x0000022ef0c2ea50  747   !   3       java.net.URLClassLoader::defineClass (224 bytes)
Event: 1.478 Thread 0x0000022ef0c2ea50 nmethod 747 0x0000022edb619a10 code [0x0000022edb619ec0, 0x0000022edb61c028]
Event: 1.478 Thread 0x0000022ef0c2ea50  748       3       java.lang.ClassLoader::definePackage (85 bytes)
Event: 1.480 Thread 0x0000022ef0c2ea50 nmethod 748 0x0000022edb61cf10 code [0x0000022edb61d1e0, 0x0000022edb61e0d8]
Event: 1.480 Thread 0x0000022ef0c2ea50  751  s    3       java.util.jar.JarFile::getInputStream (72 bytes)
Event: 1.481 Thread 0x0000022ef0c2ea50 nmethod 751 0x0000022edb61e590 code [0x0000022edb61e7c0, 0x0000022edb61ed18]
Event: 1.481 Thread 0x0000022ef0c2ea50  749       3       java.lang.ClassLoader::compareCerts (197 bytes)
Event: 1.482 Thread 0x0000022ef0c2ea50 nmethod 749 0x0000022edb61ef10 code [0x0000022edb61f120, 0x0000022edb61f9d8]
Event: 1.485 Thread 0x0000022ef0c2e0a0 nmethod 736 0x0000022ee2fdbf90 code [0x0000022ee2fdc1a0, 0x0000022ee2fdceb0]
Event: 1.485 Thread 0x0000022ef0c2e0a0  746   !   4       jdk.internal.loader.URLClassPath$JarLoader::getResource (65 bytes)
Event: 1.487 Thread 0x0000022ef0c2ea50  752       3       sun.net.www.ParseUtil::encodePath (41 bytes)
Event: 1.488 Thread 0x0000022ef0c2ea50 nmethod 752 0x0000022edb61fc90 code [0x0000022edb61fe60, 0x0000022edb6200c8]

GC Heap History (2 events):
Event: 1.019 GC heap before
{Heap before GC invocations=0 (full 0):
 garbage-first heap   total 98304K, used 15360K [0x00000000a1e00000, 0x0000000100000000)
  region size 1024K, 13 young (13312K), 0 survivors (0K)
 Metaspace       used 8390K, committed 8512K, reserved 1056768K
  class space    used 738K, committed 768K, reserved 1048576K
}
Event: 1.027 GC heap after
{Heap after GC invocations=1 (full 0):
 garbage-first heap   total 98304K, used 3440K [0x00000000a1e00000, 0x0000000100000000)
  region size 1024K, 2 young (2048K), 2 survivors (2048K)
 Metaspace       used 8390K, committed 8512K, reserved 1056768K
  class space    used 738K, committed 768K, reserved 1048576K
}

Dll operation events (2 events):
Event: 0.010 Loaded shared library C:\Program Files\Android\Android Studio\jbr\bin\java.dll
Event: 0.210 Loaded shared library C:\Program Files\Android\Android Studio\jbr\bin\verify.dll

Deoptimization events (20 events):
Event: 0.918 Thread 0x0000022ed7ffc8f0 DEOPT PACKING pc=0x0000022ee2fc4dc4 sp=0x000000eb850fcdc0
Event: 0.918 Thread 0x0000022ed7ffc8f0 DEOPT UNPACKING pc=0x0000022ee2a569a3 sp=0x000000eb850fcd38 mode 2
Event: 0.961 Thread 0x0000022ed7ffc8f0 Uncommon trap: trap_request=0xffffffde fr.pc=0x0000022ee2fc7d4c relative=0x0000000000000dcc
Event: 0.961 Thread 0x0000022ed7ffc8f0 Uncommon trap: reason=class_check action=maybe_recompile pc=0x0000022ee2fc7d4c method=java.util.HashMap.putVal(ILjava/lang/Object;Ljava/lang/Object;ZZ)Ljava/lang/Object; @ 91 c2
Event: 0.961 Thread 0x0000022ed7ffc8f0 DEOPT PACKING pc=0x0000022ee2fc7d4c sp=0x000000eb850f95c0
Event: 0.961 Thread 0x0000022ed7ffc8f0 DEOPT UNPACKING pc=0x0000022ee2a569a3 sp=0x000000eb850f9550 mode 2
Event: 0.968 Thread 0x0000022ed7ffc8f0 DEOPT PACKING pc=0x0000022edb50b298 sp=0x000000eb850f8f10
Event: 0.968 Thread 0x0000022ed7ffc8f0 DEOPT UNPACKING pc=0x0000022ee2a57143 sp=0x000000eb850f83d0 mode 0
Event: 1.000 Thread 0x0000022ed7ffc8f0 Uncommon trap: trap_request=0xffffffde fr.pc=0x0000022ee2fc7db8 relative=0x0000000000000e38
Event: 1.000 Thread 0x0000022ed7ffc8f0 Uncommon trap: reason=class_check action=maybe_recompile pc=0x0000022ee2fc7db8 method=java.util.HashMap.putVal(ILjava/lang/Object;Ljava/lang/Object;ZZ)Ljava/lang/Object; @ 203 c2
Event: 1.000 Thread 0x0000022ed7ffc8f0 DEOPT PACKING pc=0x0000022ee2fc7db8 sp=0x000000eb850f95c0
Event: 1.000 Thread 0x0000022ed7ffc8f0 DEOPT UNPACKING pc=0x0000022ee2a569a3 sp=0x000000eb850f9550 mode 2
Event: 1.002 Thread 0x0000022ed7ffc8f0 Uncommon trap: trap_request=0xffffffde fr.pc=0x0000022ee2fc7d4c relative=0x0000000000000dcc
Event: 1.002 Thread 0x0000022ed7ffc8f0 Uncommon trap: reason=class_check action=maybe_recompile pc=0x0000022ee2fc7d4c method=java.util.HashMap.putVal(ILjava/lang/Object;Ljava/lang/Object;ZZ)Ljava/lang/Object; @ 91 c2
Event: 1.002 Thread 0x0000022ed7ffc8f0 DEOPT PACKING pc=0x0000022ee2fc7d4c sp=0x000000eb850f95c0
Event: 1.002 Thread 0x0000022ed7ffc8f0 DEOPT UNPACKING pc=0x0000022ee2a569a3 sp=0x000000eb850f9550 mode 2
Event: 1.083 Thread 0x0000022ed7ffc8f0 Uncommon trap: trap_request=0xffffffde fr.pc=0x0000022ee2fc7db8 relative=0x0000000000000e38
Event: 1.083 Thread 0x0000022ed7ffc8f0 Uncommon trap: reason=class_check action=maybe_recompile pc=0x0000022ee2fc7db8 method=java.util.HashMap.putVal(ILjava/lang/Object;Ljava/lang/Object;ZZ)Ljava/lang/Object; @ 203 c2
Event: 1.083 Thread 0x0000022ed7ffc8f0 DEOPT PACKING pc=0x0000022ee2fc7db8 sp=0x000000eb850fbb40
Event: 1.084 Thread 0x0000022ed7ffc8f0 DEOPT UNPACKING pc=0x0000022ee2a569a3 sp=0x000000eb850fbad0 mode 2

Classes unloaded (0 events):
No events

Classes redefined (0 events):
No events

Internal exceptions (1 events):
Event: 0.432 Thread 0x0000022ed7ffc8f0 Exception <a 'java/lang/NoSuchMethodError'{0x00000000a7a15a18}: 'int java.lang.invoke.DirectMethodHandle$Holder.invokeStaticInit(java.lang.Object, java.lang.Object)'> (0x00000000a7a15a18) 
thrown [s\src\hotspot\share\interpreter\linkResolver.cpp, line 771]

VM Operations (4 events):
Event: 0.200 Executing VM operation: HandshakeAllThreads
Event: 0.200 Executing VM operation: HandshakeAllThreads done
Event: 1.019 Executing VM operation: G1CollectForAllocation
Event: 1.027 Executing VM operation: G1CollectForAllocation done

Events (20 events):
Event: 1.433 loading class java/util/ServiceLoader$ProviderImpl
Event: 1.433 loading class java/util/ServiceLoader$Provider
Event: 1.433 loading class java/util/ServiceLoader$Provider done
Event: 1.433 loading class java/util/ServiceLoader$ProviderImpl done
Event: 1.433 loading class jdk/internal/logger/BootstrapLogger$LoggingBackend
Event: 1.434 loading class jdk/internal/logger/BootstrapLogger$LoggingBackend done
Event: 1.434 loading class jdk/internal/logger/BootstrapLogger$RedirectedLoggers
Event: 1.434 loading class jdk/internal/logger/BootstrapLogger$RedirectedLoggers done
Event: 1.434 loading class jdk/internal/logger/BootstrapLogger$BootstrapExecutors
Event: 1.434 loading class jdk/internal/logger/BootstrapLogger$BootstrapExecutors done
Event: 1.434 loading class java/util/logging/LogManager$4
Event: 1.434 loading class java/util/logging/LogManager$4 done
Event: 1.435 loading class java/util/logging/Logger$SystemLoggerHelper
Event: 1.435 loading class java/util/logging/Logger$SystemLoggerHelper done
Event: 1.435 loading class java/util/logging/Logger$SystemLoggerHelper$1
Event: 1.435 loading class java/util/logging/Logger$SystemLoggerHelper$1 done
Event: 1.435 loading class jdk/internal/logger/DefaultLoggerFinder$1
Event: 1.435 loading class jdk/internal/logger/DefaultLoggerFinder$1 done
Event: 1.490 loading class java/lang/NumberFormatException
Event: 1.490 loading class java/lang/NumberFormatException done


Dynamic libraries:
0x00007ff6cf890000 - 0x00007ff6cf89a000 	C:\Program Files\Android\Android Studio\jbr\bin\java.exe
0x00007ffdf0550000 - 0x00007ffdf0747000 	C:\Windows\SYSTEM32\ntdll.dll
0x00007ffdf03a0000 - 0x00007ffdf045d000 	C:\Windows\System32\KERNEL32.DLL
0x00007ffdedea0000 - 0x00007ffdee196000 	C:\Windows\System32\KERNELBASE.dll
0x00007ffdee440000 - 0x00007ffdee540000 	C:\Windows\System32\ucrtbase.dll
0x00007ffde4ae0000 - 0x00007ffde4afb000 	C:\Program Files\Android\Android Studio\jbr\bin\VCRUNTIME140.dll
0x00007ffde81c0000 - 0x00007ffde81d7000 	C:\Program Files\Android\Android Studio\jbr\bin\jli.dll
0x00007ffddd330000 - 0x00007ffddd5ca000 	C:\Windows\WinSxS\amd64_microsoft.windows.common-controls_6595b64144ccf1df_6.0.19041.3570_none_60bb2a3971f3e41a\COMCTL32.dll
0x00007ffdeeeb0000 - 0x00007ffdef04e000 	C:\Windows\System32\USER32.dll
0x00007ffdeeb90000 - 0x00007ffdeec2e000 	C:\Windows\System32\msvcrt.dll
0x00007ffdede70000 - 0x00007ffdede92000 	C:\Windows\System32\win32u.dll
0x00007ffdee5b0000 - 0x00007ffdee5dc000 	C:\Windows\System32\GDI32.dll
0x00007ffdee320000 - 0x00007ffdee43a000 	C:\Windows\System32\gdi32full.dll
0x00007ffdee280000 - 0x00007ffdee31d000 	C:\Windows\System32\msvcp_win.dll
0x00007ffdeec30000 - 0x00007ffdeec60000 	C:\Windows\System32\IMM32.DLL
0x00007ffde81b0000 - 0x00007ffde81bc000 	C:\Program Files\Android\Android Studio\jbr\bin\vcruntime140_1.dll
0x00007ffdd1620000 - 0x00007ffdd16ad000 	C:\Program Files\Android\Android Studio\jbr\bin\msvcp140.dll
0x00007ffdc2760000 - 0x00007ffdc33ce000 	C:\Program Files\Android\Android Studio\jbr\bin\server\jvm.dll
0x00007ffdf0460000 - 0x00007ffdf050e000 	C:\Windows\System32\ADVAPI32.dll
0x00007ffdeeda0000 - 0x00007ffdeee3c000 	C:\Windows\System32\sechost.dll
0x00007ffdeea50000 - 0x00007ffdeeb76000 	C:\Windows\System32\RPCRT4.dll
0x00007ffde4ad0000 - 0x00007ffde4ad9000 	C:\Windows\SYSTEM32\WSOCK32.dll
0x00007ffde1610000 - 0x00007ffde1637000 	C:\Windows\SYSTEM32\WINMM.dll
0x00007ffdf0260000 - 0x00007ffdf02cb000 	C:\Windows\System32\WS2_32.dll
0x00007ffde1710000 - 0x00007ffde171a000 	C:\Windows\SYSTEM32\VERSION.dll
0x00007ffdebad0000 - 0x00007ffdebae2000 	C:\Windows\SYSTEM32\kernel.appcore.dll
0x00007ffde4ac0000 - 0x00007ffde4aca000 	C:\Program Files\Android\Android Studio\jbr\bin\jimage.dll
0x00007ffde76a0000 - 0x00007ffde7884000 	C:\Windows\SYSTEM32\DBGHELP.DLL
0x00007ffde6ca0000 - 0x00007ffde6cd4000 	C:\Windows\SYSTEM32\dbgcore.DLL
0x00007ffdee1a0000 - 0x00007ffdee222000 	C:\Windows\System32\bcryptPrimitives.dll
0x00007ffdd65a0000 - 0x00007ffdd65c5000 	C:\Program Files\Android\Android Studio\jbr\bin\java.dll
0x00007ffddaf60000 - 0x00007ffddaf78000 	C:\Program Files\Android\Android Studio\jbr\bin\zip.dll
0x00007ffdef620000 - 0x00007ffdefd64000 	C:\Windows\System32\SHELL32.dll
0x00007ffdebcd0000 - 0x00007ffdec46b000 	C:\Windows\SYSTEM32\windows.storage.dll
0x00007ffdefdf0000 - 0x00007ffdf0144000 	C:\Windows\System32\combase.dll
0x00007ffded5a0000 - 0x00007ffded5cd000 	C:\Windows\SYSTEM32\Wldp.dll
0x00007ffdf0150000 - 0x00007ffdf01fd000 	C:\Windows\System32\SHCORE.dll
0x00007ffdf0200000 - 0x00007ffdf0255000 	C:\Windows\System32\shlwapi.dll
0x00007ffdedb60000 - 0x00007ffdedb85000 	C:\Windows\SYSTEM32\profapi.dll
0x00007ffdd6580000 - 0x00007ffdd6599000 	C:\Program Files\Android\Android Studio\jbr\bin\net.dll
0x00007ffde4f50000 - 0x00007ffde505a000 	C:\Windows\SYSTEM32\WINHTTP.dll
0x00007ffded300000 - 0x00007ffded36a000 	C:\Windows\system32\mswsock.dll
0x00007ffdd6560000 - 0x00007ffdd6576000 	C:\Program Files\Android\Android Studio\jbr\bin\nio.dll
0x00007ffde4ab0000 - 0x00007ffde4ac0000 	C:\Program Files\Android\Android Studio\jbr\bin\verify.dll

dbghelp: loaded successfully - version: 4.0.5 - missing functions: none
symbol engine: initialized successfully - sym options: 0x614 - pdb path: .;C:\Program Files\Android\Android Studio\jbr\bin;C:\Windows\SYSTEM32;C:\Windows\WinSxS\amd64_microsoft.windows.common-controls_6595b64144ccf1df_6.0.19041.3570_none_60bb2a3971f3e41a;C:\Program Files\Android\Android Studio\jbr\bin\server

VM Arguments:
jvm_args: -Dorg.gradle.appname=gradlew 
java_command: org.gradle.wrapper.GradleWrapperMain -q -Ptarget-platform=android-arm64 -Ptarget=D:\simulasi_app\belajar_app\lib\main.dart -Pbase-application-name=android.app.Application -Pdart-defines=RkxVVFRFUl9XRUJfQVVUT19ERVRFQ1Q9dHJ1ZQ==,RkxVVFRFUl9XRUJfQ0FOVkFTS0lUX1VSTD1odHRwczovL3d3dy5nc3RhdGljLmNvbS9mbHV0dGVyLWNhbnZhc2tpdC9iZDk4NmM1ZWQyMGE2MmRjMzRiNzcxOGM1MGFiYzc4MmJlYWU0YzMzLw== -Pdart-obfuscation=false -Ptrack-widget-creation=true -Ptree-shake-icons=false -Pfilesystem-scheme=org-dartlang-root assembleDebug
java_class_path (initial): D:\simulasi_app\belajar_app\android\\gradle\wrapper\gradle-wrapper.jar
Launcher Type: SUN_STANDARD

[Global flags]
     intx CICompilerCount                          = 3                                         {product} {ergonomic}
     uint ConcGCThreads                            = 1                                         {product} {ergonomic}
     uint G1ConcRefinementThreads                  = 4                                         {product} {ergonomic}
   size_t G1HeapRegionSize                         = 1048576                                   {product} {ergonomic}
    uintx GCDrainStackTargetSize                   = 64                                        {product} {ergonomic}
   size_t InitialHeapSize                          = 100663296                                 {product} {ergonomic}
   size_t MarkStackSize                            = 4194304                                   {product} {ergonomic}
   size_t MaxHeapSize                              = 1579155456                                {product} {ergonomic}
   size_t MaxNewSize                               = 946864128                                 {product} {ergonomic}
   size_t MinHeapDeltaBytes                        = 1048576                                   {product} {ergonomic}
   size_t MinHeapSize                              = 8388608                                   {product} {ergonomic}
    uintx NonNMethodCodeHeapSize                   = 5832780                                {pd product} {ergonomic}
    uintx NonProfiledCodeHeapSize                  = 122912730                              {pd product} {ergonomic}
    uintx ProfiledCodeHeapSize                     = 122912730                              {pd product} {ergonomic}
    uintx ReservedCodeCacheSize                    = 251658240                              {pd product} {ergonomic}
     bool SegmentedCodeCache                       = true                                      {product} {ergonomic}
   size_t SoftMaxHeapSize                          = 1579155456                             {manageable} {ergonomic}
     bool UseCompressedClassPointers               = true                           {product lp64_product} {ergonomic}
     bool UseCompressedOops                        = true                           {product lp64_product} {ergonomic}
     bool UseG1GC                                  = true                                      {product} {ergonomic}
     bool UseLargePagesIndividualAllocation        = false                                  {pd product} {ergonomic}

Logging:
Log output configuration:
 #0: stdout all=warning uptime,level,tags
 #1: stderr all=off uptime,level,tags

Environment Variables:
JAVA_HOME=C:\Program Files\Android\Android Studio\jbr
CLASSPATH=D:\simulasi_app\belajar_app\android\\gradle\wrapper\gradle-wrapper.jar
PATH=C:\Program Files\Android\Android Studio\jbr\bin;C:\Program Files\Common Files\Oracle\Java\javapath;C:\Windows\system32;C:\Windows;C:\Windows\System32\Wbem;C:\Windows\System32\WindowsPowerShell\v1.0\;C:\Windows\System32\OpenSSH\;C:\Program Files (x86)\Microsoft SQL Server\100\Tools\Binn\;C:\Program Files\Microsoft SQL Server\100\Tools\Binn\;C:\Program Files\Microsoft SQL Server\100\DTS\Binn\;C:\Program Files (x86)\Microsoft SQL Server\100\Tools\Binn\VSShell\Common7\IDE\;C:\Program Files (x86)\Microsoft SQL Server\100\DTS\Binn\;C:\Program Files\Git\cmd;C:\flutter\bin;C:\Users\LP3I\AppData\Local\Microsoft\WindowsApps;C:\Users\LP3I\AppData\Local\Programs\Microsoft VS Code\bin;C:\flutter\bin;;C:\flutter\bin\mingit\cmd
USERNAME=LP3I
OS=Windows_NT
PROCESSOR_IDENTIFIER=Intel64 Family 6 Model 42 Stepping 7, GenuineIntel
TMP=C:\Users\LP3I\AppData\Local\Temp
TEMP=C:\Users\LP3I\AppData\Local\Temp


JNI global refs:
JNI global refs: 7, weak refs: 0

JNI global refs memory usage: 843, weak refs: 209


---------------  S Y S T E M  ---------------

OS:
 Windows 10 , 64 bit Build 19041 (10.0.19041.3570)
OS uptime: 0 days 0:38 hours

CPU: total 4 (initial active 4) (2 cores per cpu, 2 threads per core) family 6 model 42 stepping 7 microcode 0x2f, cx8, cmov, fxsr, ht, mmx, sse, sse2, sse3, ssse3, sse4.1, sse4.2, popcnt, tsc, tscinvbit, avx, clmul, vzeroupper, clflush

Memory: 4k page, system-wide physical 6018M (386M free)
TotalPageFile size 7092M (AvailPageFile size 0M)
current process WorkingSet (physical memory assigned to process): 66M, peak: 66M
current process commit charge ("private bytes"): 177M, peak: 177M

vm_info: OpenJDK 64-Bit Server VM (17.0.6+0-b2043.56-10027231) for windows-amd64 JRE (17.0.6+0-b2043.56-10027231), built on Apr 28 2023 00:43:19 by "androidbuild" with MS VC++ 16.10 / 16.11 (VS2019)

END.
