#
# There is insufficient memory for the Java Runtime Environment to continue.
# Native memory allocation (mmap) failed to map 65536 bytes for Failed to commit metaspace.
# Possible reasons:
#   The system is out of physical RAM or swap space
#   The process is running with CompressedOops enabled, and the Java Heap may be blocking the growth of the native heap
# Possible solutions:
#   Reduce memory load on the system
#   Increase physical memory or swap space
#   Check if swap backing store is full
#   Decrease Java heap size (-Xmx/-Xms)
#   Decrease number of Java threads
#   Decrease Java thread stack sizes (-Xss)
#   Set larger code cache with -XX:ReservedCodeCacheSize=
#   JVM is running with Unscaled Compressed Oops mode in which the Java heap is
#     placed in the first 4GB address space. The Java Heap base address is the
#     maximum limit for the native heap growth. Please use -XX:HeapBaseMinAddress
#     to set the Java Heap base and to place the Java Heap above 4GB virtual address.
# This output file may be truncated or incomplete.
#
#  Out of Memory Error (virtualSpaceNode.cpp:110), pid=8152, tid=5356
#
# JRE version: OpenJDK Runtime Environment (17.0.6) (build 17.0.6+0-b2043.56-10027231)
# Java VM: OpenJDK 64-Bit Server VM (17.0.6+0-b2043.56-10027231, mixed mode, tiered, compressed oops, compressed class ptrs, g1 gc, windows-amd64)
# No core dump will be written. Minidumps are not enabled by default on client versions of Windows
#

---------------  S U M M A R Y ------------

Command Line: -Dorg.gradle.appname=gradlew org.gradle.wrapper.GradleWrapperMain -q -Ptarget-platform=android-arm64 -Ptarget=D:\simulasi_app\belajar_app\lib\main.dart -Pbase-application-name=android.app.Application -Pdart-defines=RkxVVFRFUl9XRUJfQVVUT19ERVRFQ1Q9dHJ1ZQ==,RkxVVFRFUl9XRUJfQ0FOVkFTS0lUX1VSTD1odHRwczovL3d3dy5nc3RhdGljLmNvbS9mbHV0dGVyLWNhbnZhc2tpdC9iZDk4NmM1ZWQyMGE2MmRjMzRiNzcxOGM1MGFiYzc4MmJlYWU0YzMzLw== -Pdart-obfuscation=false -Ptrack-widget-creation=true -Ptree-shake-icons=false -Pfilesystem-scheme=org-dartlang-root assembleDebug

Host: Intel(R) Core(TM) i3-2370M CPU @ 2.40GHz, 4 cores, 5G,  Windows 10 , 64 bit Build 19041 (10.0.19041.3570)
Time: Sat Oct 21 19:01:23 2023 SE Asia Standard Time elapsed time: 1.563893 seconds (0d 0h 0m 1s)

---------------  T H R E A D  ---------------

Current thread (0x000002138fbcb5b0):  JavaThread "main" [_thread_in_vm, id=5356, stack(0x0000009065200000,0x0000009065300000)]

Stack: [0x0000009065200000,0x0000009065300000]
Native frames: (J=compiled Java code, j=interpreted, Vv=VM code, C=native code)
V  [jvm.dll+0x683c9a]
V  [jvm.dll+0x8427a4]
V  [jvm.dll+0x843f9e]
V  [jvm.dll+0x844603]
V  [jvm.dll+0x249b75]
V  [jvm.dll+0x83e7fb]
V  [jvm.dll+0x628006]
V  [jvm.dll+0x62806a]
V  [jvm.dll+0x62a87a]
V  [jvm.dll+0x6289a6]
V  [jvm.dll+0x246f6c]
V  [jvm.dll+0x6dabdd]
V  [jvm.dll+0x6db60f]
V  [jvm.dll+0x375330]
V  [jvm.dll+0x3744a2]
V  [jvm.dll+0x374448]
V  [jvm.dll+0x569f95]
V  [jvm.dll+0x568e54]
V  [jvm.dll+0x3883a4]
V  [jvm.dll+0x387a0f]
C  0x000002139a5ea3c3

Java frames: (J=compiled Java code, j=interpreted, Vv=VM code)
j  java.util.logging.Logger.demandLogger(Ljava/lang/String;Ljava/lang/String;Ljava/lang/Class;)Ljava/util/logging/Logger;+0 java.logging@17.0.6
j  java.util.logging.Logger.getLogger(Ljava/lang/String;Ljava/lang/Class;)Ljava/util/logging/Logger;+3 java.logging@17.0.6
j  java.util.logging.Logger.getLogger(Ljava/lang/String;)Ljava/util/logging/Logger;+4 java.logging@17.0.6
j  org.gradle.internal.logging.source.JavaUtilLoggingSystem.<init>()V+7
j  org.gradle.internal.logging.services.LoggingServiceRegistry.createLoggingManagerFactory()Lorg/gradle/internal/logging/services/DefaultLoggingManagerFactory;+101
v  ~StubRoutines::call_stub
j  jdk.internal.reflect.NativeMethodAccessorImpl.invoke0(Ljava/lang/reflect/Method;Ljava/lang/Object;[Ljava/lang/Object;)Ljava/lang/Object;+0 java.base@17.0.6
j  jdk.internal.reflect.NativeMethodAccessorImpl.invoke(Ljava/lang/Object;[Ljava/lang/Object;)Ljava/lang/Object;+133 java.base@17.0.6
j  jdk.internal.reflect.DelegatingMethodAccessorImpl.invoke(Ljava/lang/Object;[Ljava/lang/Object;)Ljava/lang/Object;+6 java.base@17.0.6
j  java.lang.reflect.Method.invoke(Ljava/lang/Object;[Ljava/lang/Object;)Ljava/lang/Object;+59 java.base@17.0.6
j  org.gradle.internal.reflect.JavaMethod.invoke(Ljava/lang/Object;[Ljava/lang/Object;)Ljava/lang/Object;+6
j  org.gradle.internal.service.ReflectionBasedServiceMethod.invoke(Ljava/lang/Object;[Ljava/lang/Object;)Ljava/lang/Object;+6
j  org.gradle.internal.service.DefaultServiceRegistry$FactoryMethodService.invokeMethod([Ljava/lang/Object;)Ljava/lang/Object;+9
j  org.gradle.internal.service.DefaultServiceRegistry$FactoryService.createServiceInstance()Ljava/lang/Object;+7
j  org.gradle.internal.service.DefaultServiceRegistry$ManagedObjectServiceProvider.getInstance()Ljava/lang/Object;+24
j  org.gradle.internal.service.DefaultServiceRegistry$SingletonService.get()Ljava/lang/Object;+1
j  org.gradle.internal.service.DefaultServiceRegistry.find(Ljava/lang/reflect/Type;)Ljava/lang/Object;+22
j  org.gradle.internal.service.DefaultServiceRegistry.get(Ljava/lang/reflect/Type;)Ljava/lang/Object;+2
j  org.gradle.internal.service.DefaultServiceRegistry.get(Ljava/lang/Class;)Ljava/lang/Object;+3
j  org.gradle.internal.logging.services.LoggingServiceRegistry.newCommandLineProcessLogging()Lorg/gradle/internal/logging/services/LoggingServiceRegistry;+12
j  org.gradle.launcher.cli.DefaultCommandLineActionFactory.createLoggingServices()Lorg/gradle/internal/service/ServiceRegistry;+0
j  org.gradle.launcher.cli.DefaultCommandLineActionFactory.convert(Ljava/util/List;)Lorg/gradle/launcher/bootstrap/CommandLineActionFactory$CommandLineExecution;+1
j  org.gradle.launcher.Main.doAction([Ljava/lang/String;Lorg/gradle/launcher/bootstrap/ExecutionListener;)V+8
j  org.gradle.launcher.bootstrap.EntryPoint.run([Ljava/lang/String;)V+12
v  ~StubRoutines::call_stub
j  jdk.internal.reflect.NativeMethodAccessorImpl.invoke0(Ljava/lang/reflect/Method;Ljava/lang/Object;[Ljava/lang/Object;)Ljava/lang/Object;+0 java.base@17.0.6
j  jdk.internal.reflect.NativeMethodAccessorImpl.invoke(Ljava/lang/Object;[Ljava/lang/Object;)Ljava/lang/Object;+133 java.base@17.0.6
j  jdk.internal.reflect.DelegatingMethodAccessorImpl.invoke(Ljava/lang/Object;[Ljava/lang/Object;)Ljava/lang/Object;+6 java.base@17.0.6
j  java.lang.reflect.Method.invoke(Ljava/lang/Object;[Ljava/lang/Object;)Ljava/lang/Object;+59 java.base@17.0.6
j  org.gradle.launcher.bootstrap.ProcessBootstrap.runNoExit(Ljava/lang/String;[Ljava/lang/String;)V+159
j  org.gradle.launcher.bootstrap.ProcessBootstrap.run(Ljava/lang/String;[Ljava/lang/String;)V+2
v  ~StubRoutines::call_stub
j  jdk.internal.reflect.NativeMethodAccessorImpl.invoke0(Ljava/lang/reflect/Method;Ljava/lang/Object;[Ljava/lang/Object;)Ljava/lang/Object;+0 java.base@17.0.6
j  jdk.internal.reflect.NativeMethodAccessorImpl.invoke(Ljava/lang/Object;[Ljava/lang/Object;)Ljava/lang/Object;+133 java.base@17.0.6
j  jdk.internal.reflect.DelegatingMethodAccessorImpl.invoke(Ljava/lang/Object;[Ljava/lang/Object;)Ljava/lang/Object;+6 java.base@17.0.6
j  java.lang.reflect.Method.invoke(Ljava/lang/Object;[Ljava/lang/Object;)Ljava/lang/Object;+59 java.base@17.0.6
j  org.gradle.launcher.GradleMain.main([Ljava/lang/String;)V+100
v  ~StubRoutines::call_stub
j  jdk.internal.reflect.NativeMethodAccessorImpl.invoke0(Ljava/lang/reflect/Method;Ljava/lang/Object;[Ljava/lang/Object;)Ljava/lang/Object;+0 java.base@17.0.6
j  jdk.internal.reflect.NativeMethodAccessorImpl.invoke(Ljava/lang/Object;[Ljava/lang/Object;)Ljava/lang/Object;+133 java.base@17.0.6
j  jdk.internal.reflect.DelegatingMethodAccessorImpl.invoke(Ljava/lang/Object;[Ljava/lang/Object;)Ljava/lang/Object;+6 java.base@17.0.6
j  java.lang.reflect.Method.invoke(Ljava/lang/Object;[Ljava/lang/Object;)Ljava/lang/Object;+59 java.base@17.0.6
j  org.gradle.wrapper.BootstrapMainStarter.start([Ljava/lang/String;Ljava/io/File;)V+82
j  org.gradle.wrapper.WrapperExecutor.execute([Ljava/lang/String;Lorg/gradle/wrapper/Install;Lorg/gradle/wrapper/BootstrapMainStarter;)V+14
j  org.gradle.wrapper.GradleWrapperMain.main([Ljava/lang/String;)V+190
v  ~StubRoutines::call_stub

---------------  P R O C E S S  ---------------

Threads class SMR info:
_java_thread_list=0x00000213a8978bb0, length=12, elements={
0x000002138fbcb5b0, 0x00000213a7d7e0a0, 0x00000213a7d7f5c0, 0x00000213a7d96460,
0x00000213a7d97120, 0x00000213a7dd2fc0, 0x00000213a7dd4020, 0x00000213a88152a0,
0x00000213a8816340, 0x00000213a8819bd0, 0x00000213a8968bd0, 0x00000213a897b410
}

Java Threads: ( => current thread )
=>0x000002138fbcb5b0 JavaThread "main" [_thread_in_vm, id=5356, stack(0x0000009065200000,0x0000009065300000)]
  0x00000213a7d7e0a0 JavaThread "Reference Handler" daemon [_thread_blocked, id=12148, stack(0x0000009065900000,0x0000009065a00000)]
  0x00000213a7d7f5c0 JavaThread "Finalizer" daemon [_thread_blocked, id=9420, stack(0x0000009065a00000,0x0000009065b00000)]
  0x00000213a7d96460 JavaThread "Signal Dispatcher" daemon [_thread_blocked, id=10008, stack(0x0000009065b00000,0x0000009065c00000)]
  0x00000213a7d97120 JavaThread "Attach Listener" daemon [_thread_blocked, id=9828, stack(0x0000009065c00000,0x0000009065d00000)]
  0x00000213a7dd2fc0 JavaThread "Service Thread" daemon [_thread_blocked, id=11088, stack(0x0000009065d00000,0x0000009065e00000)]
  0x00000213a7dd4020 JavaThread "Monitor Deflation Thread" daemon [_thread_blocked, id=2112, stack(0x0000009065e00000,0x0000009065f00000)]
  0x00000213a88152a0 JavaThread "C2 CompilerThread0" daemon [_thread_blocked, id=9804, stack(0x0000009065f00000,0x0000009066000000)]
  0x00000213a8816340 JavaThread "C1 CompilerThread0" daemon [_thread_blocked, id=716, stack(0x0000009066000000,0x0000009066100000)]
  0x00000213a8819bd0 JavaThread "Sweeper thread" daemon [_thread_blocked, id=11644, stack(0x0000009066100000,0x0000009066200000)]
  0x00000213a8968bd0 JavaThread "Notification Thread" daemon [_thread_blocked, id=10236, stack(0x0000009066200000,0x0000009066300000)]
  0x00000213a897b410 JavaThread "Common-Cleaner" daemon [_thread_blocked, id=4764, stack(0x0000009066400000,0x0000009066500000)]

Other Threads:
  0x00000213a7d78dd0 VMThread "VM Thread" [stack: 0x0000009065800000,0x0000009065900000] [id=11316]
  0x00000213a89690a0 WatcherThread [stack: 0x0000009066300000,0x0000009066400000] [id=10204]
  0x000002138fc188f0 GCTaskThread "GC Thread#0" [stack: 0x0000009065300000,0x0000009065400000] [id=7392]
  0x00000213a8bdf810 GCTaskThread "GC Thread#1" [stack: 0x0000009066500000,0x0000009066600000] [id=8184]
  0x00000213a8e2bec0 GCTaskThread "GC Thread#2" [stack: 0x0000009066600000,0x0000009066700000] [id=2892]
  0x00000213a8e2c170 GCTaskThread "GC Thread#3" [stack: 0x0000009066700000,0x0000009066800000] [id=11200]
  0x000002138fc25380 ConcurrentGCThread "G1 Main Marker" [stack: 0x0000009065400000,0x0000009065500000] [id=6116]
  0x000002138fc26440 ConcurrentGCThread "G1 Conc#0" [stack: 0x0000009065500000,0x0000009065600000] [id=600]
  0x000002138fc8a8b0 ConcurrentGCThread "G1 Refine#0" [stack: 0x0000009065600000,0x0000009065700000] [id=6492]
  0x000002138fc8b1e0 ConcurrentGCThread "G1 Service" [stack: 0x0000009065700000,0x0000009065800000] [id=6268]

Threads with active compile tasks:

VM state: not at safepoint (normal execution)

VM Mutex/Monitor currently owned by a thread:  ([mutex/lock_event])
[0x000002138da39c00] Metaspace_lock - owner thread: 0x000002138fbcb5b0

Heap address: 0x00000000a1e00000, size: 1506 MB, Compressed Oops mode: 32-bit

CDS archive(s) not mapped
Compressed class space mapped at: 0x0000000100000000-0x0000000140000000, reserved size: 1073741824
Narrow klass base: 0x0000000000000000, Narrow klass shift: 3, Narrow klass range: 0x140000000

GC Precious Log:
 CPUs: 4 total, 4 available
 Memory: 6018M
 Large Page Support: Disabled
 NUMA Support: Disabled
 Compressed Oops: Enabled (32-bit)
 Heap Region Size: 1M
 Heap Min Capacity: 8M
 Heap Initial Capacity: 96M
 Heap Max Capacity: 1506M
 Pre-touch: Disabled
 Parallel Workers: 4
 Concurrent Workers: 1
 Concurrent Refinement Workers: 4
 Periodic GC: Disabled

Heap:
 garbage-first heap   total 98304K, used 11488K [0x00000000a1e00000, 0x0000000100000000)
  region size 1024K, 8 young (8192K), 2 survivors (2048K)
 Metaspace       used 9472K, committed 9600K, reserved 1064960K
  class space    used 879K, committed 960K, reserved 1048576K

Heap Regions: E=young(eden), S=young(survivor), O=old, HS=humongous(starts), HC=humongous(continues), CS=collection set, F=free, OA=open archive, CA=closed archive, TAMS=top-at-mark-start (previous, next)
|   0|0x00000000a1e00000, 0x00000000a1f00000, 0x00000000a1f00000|100%|HS|  |TAMS 0x00000000a1e00000, 0x00000000a1e00000| Complete 
|   1|0x00000000a1f00000, 0x00000000a2000000, 0x00000000a2000000|100%|HC|  |TAMS 0x00000000a1f00000, 0x00000000a1f00000| Complete 
|   2|0x00000000a2000000, 0x00000000a2100000, 0x00000000a2100000|100%|HC|  |TAMS 0x00000000a2000000, 0x00000000a2000000| Complete 
|   3|0x00000000a2100000, 0x00000000a2200000, 0x00000000a2200000|100%| O|  |TAMS 0x00000000a2100000, 0x00000000a2100000| Untracked 
|   4|0x00000000a2200000, 0x00000000a2238000, 0x00000000a2300000| 21%| O|  |TAMS 0x00000000a2200000, 0x00000000a2200000| Untracked 
|   5|0x00000000a2300000, 0x00000000a2300000, 0x00000000a2400000|  0%| F|  |TAMS 0x00000000a2300000, 0x00000000a2300000| Untracked 
|   6|0x00000000a2400000, 0x00000000a2400000, 0x00000000a2500000|  0%| F|  |TAMS 0x00000000a2400000, 0x00000000a2400000| Untracked 
|   7|0x00000000a2500000, 0x00000000a2500000, 0x00000000a2600000|  0%| F|  |TAMS 0x00000000a2500000, 0x00000000a2500000| Untracked 
|   8|0x00000000a2600000, 0x00000000a2600000, 0x00000000a2700000|  0%| F|  |TAMS 0x00000000a2600000, 0x00000000a2600000| Untracked 
|   9|0x00000000a2700000, 0x00000000a2700000, 0x00000000a2800000|  0%| F|  |TAMS 0x00000000a2700000, 0x00000000a2700000| Untracked 
|  10|0x00000000a2800000, 0x00000000a2800000, 0x00000000a2900000|  0%| F|  |TAMS 0x00000000a2800000, 0x00000000a2800000| Untracked 
|  11|0x00000000a2900000, 0x00000000a2900000, 0x00000000a2a00000|  0%| F|  |TAMS 0x00000000a2900000, 0x00000000a2900000| Untracked 
|  12|0x00000000a2a00000, 0x00000000a2a00000, 0x00000000a2b00000|  0%| F|  |TAMS 0x00000000a2a00000, 0x00000000a2a00000| Untracked 
|  13|0x00000000a2b00000, 0x00000000a2b00000, 0x00000000a2c00000|  0%| F|  |TAMS 0x00000000a2b00000, 0x00000000a2b00000| Untracked 
|  14|0x00000000a2c00000, 0x00000000a2c00000, 0x00000000a2d00000|  0%| F|  |TAMS 0x00000000a2c00000, 0x00000000a2c00000| Untracked 
|  15|0x00000000a2d00000, 0x00000000a2d00000, 0x00000000a2e00000|  0%| F|  |TAMS 0x00000000a2d00000, 0x00000000a2d00000| Untracked 
|  16|0x00000000a2e00000, 0x00000000a2e00000, 0x00000000a2f00000|  0%| F|  |TAMS 0x00000000a2e00000, 0x00000000a2e00000| Untracked 
|  17|0x00000000a2f00000, 0x00000000a2f00000, 0x00000000a3000000|  0%| F|  |TAMS 0x00000000a2f00000, 0x00000000a2f00000| Untracked 
|  18|0x00000000a3000000, 0x00000000a3000000, 0x00000000a3100000|  0%| F|  |TAMS 0x00000000a3000000, 0x00000000a3000000| Untracked 
|  19|0x00000000a3100000, 0x00000000a3100000, 0x00000000a3200000|  0%| F|  |TAMS 0x00000000a3100000, 0x00000000a3100000| Untracked 
|  20|0x00000000a3200000, 0x00000000a3200000, 0x00000000a3300000|  0%| F|  |TAMS 0x00000000a3200000, 0x00000000a3200000| Untracked 
|  21|0x00000000a3300000, 0x00000000a3300000, 0x00000000a3400000|  0%| F|  |TAMS 0x00000000a3300000, 0x00000000a3300000| Untracked 
|  22|0x00000000a3400000, 0x00000000a3400000, 0x00000000a3500000|  0%| F|  |TAMS 0x00000000a3400000, 0x00000000a3400000| Untracked 
|  23|0x00000000a3500000, 0x00000000a3500000, 0x00000000a3600000|  0%| F|  |TAMS 0x00000000a3500000, 0x00000000a3500000| Untracked 
|  24|0x00000000a3600000, 0x00000000a3600000, 0x00000000a3700000|  0%| F|  |TAMS 0x00000000a3600000, 0x00000000a3600000| Untracked 
|  25|0x00000000a3700000, 0x00000000a3700000, 0x00000000a3800000|  0%| F|  |TAMS 0x00000000a3700000, 0x00000000a3700000| Untracked 
|  26|0x00000000a3800000, 0x00000000a3800000, 0x00000000a3900000|  0%| F|  |TAMS 0x00000000a3800000, 0x00000000a3800000| Untracked 
|  27|0x00000000a3900000, 0x00000000a3900000, 0x00000000a3a00000|  0%| F|  |TAMS 0x00000000a3900000, 0x00000000a3900000| Untracked 
|  28|0x00000000a3a00000, 0x00000000a3a00000, 0x00000000a3b00000|  0%| F|  |TAMS 0x00000000a3a00000, 0x00000000a3a00000| Untracked 
|  29|0x00000000a3b00000, 0x00000000a3b00000, 0x00000000a3c00000|  0%| F|  |TAMS 0x00000000a3b00000, 0x00000000a3b00000| Untracked 
|  30|0x00000000a3c00000, 0x00000000a3c00000, 0x00000000a3d00000|  0%| F|  |TAMS 0x00000000a3c00000, 0x00000000a3c00000| Untracked 
|  31|0x00000000a3d00000, 0x00000000a3d00000, 0x00000000a3e00000|  0%| F|  |TAMS 0x00000000a3d00000, 0x00000000a3d00000| Untracked 
|  32|0x00000000a3e00000, 0x00000000a3e00000, 0x00000000a3f00000|  0%| F|  |TAMS 0x00000000a3e00000, 0x00000000a3e00000| Untracked 
|  33|0x00000000a3f00000, 0x00000000a3f00000, 0x00000000a4000000|  0%| F|  |TAMS 0x00000000a3f00000, 0x00000000a3f00000| Untracked 
|  34|0x00000000a4000000, 0x00000000a4000000, 0x00000000a4100000|  0%| F|  |TAMS 0x00000000a4000000, 0x00000000a4000000| Untracked 
|  35|0x00000000a4100000, 0x00000000a4100000, 0x00000000a4200000|  0%| F|  |TAMS 0x00000000a4100000, 0x00000000a4100000| Untracked 
|  36|0x00000000a4200000, 0x00000000a4200000, 0x00000000a4300000|  0%| F|  |TAMS 0x00000000a4200000, 0x00000000a4200000| Untracked 
|  37|0x00000000a4300000, 0x00000000a4300000, 0x00000000a4400000|  0%| F|  |TAMS 0x00000000a4300000, 0x00000000a4300000| Untracked 
|  38|0x00000000a4400000, 0x00000000a4400000, 0x00000000a4500000|  0%| F|  |TAMS 0x00000000a4400000, 0x00000000a4400000| Untracked 
|  39|0x00000000a4500000, 0x00000000a4500000, 0x00000000a4600000|  0%| F|  |TAMS 0x00000000a4500000, 0x00000000a4500000| Untracked 
|  40|0x00000000a4600000, 0x00000000a4600000, 0x00000000a4700000|  0%| F|  |TAMS 0x00000000a4600000, 0x00000000a4600000| Untracked 
|  41|0x00000000a4700000, 0x00000000a4700000, 0x00000000a4800000|  0%| F|  |TAMS 0x00000000a4700000, 0x00000000a4700000| Untracked 
|  42|0x00000000a4800000, 0x00000000a4800000, 0x00000000a4900000|  0%| F|  |TAMS 0x00000000a4800000, 0x00000000a4800000| Untracked 
|  43|0x00000000a4900000, 0x00000000a4900000, 0x00000000a4a00000|  0%| F|  |TAMS 0x00000000a4900000, 0x00000000a4900000| Untracked 
|  44|0x00000000a4a00000, 0x00000000a4a00000, 0x00000000a4b00000|  0%| F|  |TAMS 0x00000000a4a00000, 0x00000000a4a00000| Untracked 
|  45|0x00000000a4b00000, 0x00000000a4b00000, 0x00000000a4c00000|  0%| F|  |TAMS 0x00000000a4b00000, 0x00000000a4b00000| Untracked 
|  46|0x00000000a4c00000, 0x00000000a4c00000, 0x00000000a4d00000|  0%| F|  |TAMS 0x00000000a4c00000, 0x00000000a4c00000| Untracked 
|  47|0x00000000a4d00000, 0x00000000a4d00000, 0x00000000a4e00000|  0%| F|  |TAMS 0x00000000a4d00000, 0x00000000a4d00000| Untracked 
|  48|0x00000000a4e00000, 0x00000000a4e00000, 0x00000000a4f00000|  0%| F|  |TAMS 0x00000000a4e00000, 0x00000000a4e00000| Untracked 
|  49|0x00000000a4f00000, 0x00000000a4f00000, 0x00000000a5000000|  0%| F|  |TAMS 0x00000000a4f00000, 0x00000000a4f00000| Untracked 
|  50|0x00000000a5000000, 0x00000000a5000000, 0x00000000a5100000|  0%| F|  |TAMS 0x00000000a5000000, 0x00000000a5000000| Untracked 
|  51|0x00000000a5100000, 0x00000000a5100000, 0x00000000a5200000|  0%| F|  |TAMS 0x00000000a5100000, 0x00000000a5100000| Untracked 
|  52|0x00000000a5200000, 0x00000000a5200000, 0x00000000a5300000|  0%| F|  |TAMS 0x00000000a5200000, 0x00000000a5200000| Untracked 
|  53|0x00000000a5300000, 0x00000000a5300000, 0x00000000a5400000|  0%| F|  |TAMS 0x00000000a5300000, 0x00000000a5300000| Untracked 
|  54|0x00000000a5400000, 0x00000000a5400000, 0x00000000a5500000|  0%| F|  |TAMS 0x00000000a5400000, 0x00000000a5400000| Untracked 
|  55|0x00000000a5500000, 0x00000000a5500000, 0x00000000a5600000|  0%| F|  |TAMS 0x00000000a5500000, 0x00000000a5500000| Untracked 
|  56|0x00000000a5600000, 0x00000000a5600000, 0x00000000a5700000|  0%| F|  |TAMS 0x00000000a5600000, 0x00000000a5600000| Untracked 
|  57|0x00000000a5700000, 0x00000000a5700000, 0x00000000a5800000|  0%| F|  |TAMS 0x00000000a5700000, 0x00000000a5700000| Untracked 
|  58|0x00000000a5800000, 0x00000000a5800000, 0x00000000a5900000|  0%| F|  |TAMS 0x00000000a5800000, 0x00000000a5800000| Untracked 
|  59|0x00000000a5900000, 0x00000000a5900000, 0x00000000a5a00000|  0%| F|  |TAMS 0x00000000a5900000, 0x00000000a5900000| Untracked 
|  60|0x00000000a5a00000, 0x00000000a5a00000, 0x00000000a5b00000|  0%| F|  |TAMS 0x00000000a5a00000, 0x00000000a5a00000| Untracked 
|  61|0x00000000a5b00000, 0x00000000a5b00000, 0x00000000a5c00000|  0%| F|  |TAMS 0x00000000a5b00000, 0x00000000a5b00000| Untracked 
|  62|0x00000000a5c00000, 0x00000000a5c00000, 0x00000000a5d00000|  0%| F|  |TAMS 0x00000000a5c00000, 0x00000000a5c00000| Untracked 
|  63|0x00000000a5d00000, 0x00000000a5d00000, 0x00000000a5e00000|  0%| F|  |TAMS 0x00000000a5d00000, 0x00000000a5d00000| Untracked 
|  64|0x00000000a5e00000, 0x00000000a5e00000, 0x00000000a5f00000|  0%| F|  |TAMS 0x00000000a5e00000, 0x00000000a5e00000| Untracked 
|  65|0x00000000a5f00000, 0x00000000a5f00000, 0x00000000a6000000|  0%| F|  |TAMS 0x00000000a5f00000, 0x00000000a5f00000| Untracked 
|  66|0x00000000a6000000, 0x00000000a6000000, 0x00000000a6100000|  0%| F|  |TAMS 0x00000000a6000000, 0x00000000a6000000| Untracked 
|  67|0x00000000a6100000, 0x00000000a6100000, 0x00000000a6200000|  0%| F|  |TAMS 0x00000000a6100000, 0x00000000a6100000| Untracked 
|  68|0x00000000a6200000, 0x00000000a6200000, 0x00000000a6300000|  0%| F|  |TAMS 0x00000000a6200000, 0x00000000a6200000| Untracked 
|  69|0x00000000a6300000, 0x00000000a6300000, 0x00000000a6400000|  0%| F|  |TAMS 0x00000000a6300000, 0x00000000a6300000| Untracked 
|  70|0x00000000a6400000, 0x00000000a6400000, 0x00000000a6500000|  0%| F|  |TAMS 0x00000000a6400000, 0x00000000a6400000| Untracked 
|  71|0x00000000a6500000, 0x00000000a6500000, 0x00000000a6600000|  0%| F|  |TAMS 0x00000000a6500000, 0x00000000a6500000| Untracked 
|  72|0x00000000a6600000, 0x00000000a6600000, 0x00000000a6700000|  0%| F|  |TAMS 0x00000000a6600000, 0x00000000a6600000| Untracked 
|  73|0x00000000a6700000, 0x00000000a6700000, 0x00000000a6800000|  0%| F|  |TAMS 0x00000000a6700000, 0x00000000a6700000| Untracked 
|  74|0x00000000a6800000, 0x00000000a6800000, 0x00000000a6900000|  0%| F|  |TAMS 0x00000000a6800000, 0x00000000a6800000| Untracked 
|  75|0x00000000a6900000, 0x00000000a6900000, 0x00000000a6a00000|  0%| F|  |TAMS 0x00000000a6900000, 0x00000000a6900000| Untracked 
|  76|0x00000000a6a00000, 0x00000000a6a00000, 0x00000000a6b00000|  0%| F|  |TAMS 0x00000000a6a00000, 0x00000000a6a00000| Untracked 
|  77|0x00000000a6b00000, 0x00000000a6b00000, 0x00000000a6c00000|  0%| F|  |TAMS 0x00000000a6b00000, 0x00000000a6b00000| Untracked 
|  78|0x00000000a6c00000, 0x00000000a6c00000, 0x00000000a6d00000|  0%| F|  |TAMS 0x00000000a6c00000, 0x00000000a6c00000| Untracked 
|  79|0x00000000a6d00000, 0x00000000a6d00000, 0x00000000a6e00000|  0%| F|  |TAMS 0x00000000a6d00000, 0x00000000a6d00000| Untracked 
|  80|0x00000000a6e00000, 0x00000000a6e00000, 0x00000000a6f00000|  0%| F|  |TAMS 0x00000000a6e00000, 0x00000000a6e00000| Untracked 
|  81|0x00000000a6f00000, 0x00000000a7000000, 0x00000000a7000000|100%| S|CS|TAMS 0x00000000a6f00000, 0x00000000a6f00000| Complete 
|  82|0x00000000a7000000, 0x00000000a7100000, 0x00000000a7100000|100%| S|CS|TAMS 0x00000000a7000000, 0x00000000a7000000| Complete 
|  83|0x00000000a7100000, 0x00000000a7100000, 0x00000000a7200000|  0%| F|  |TAMS 0x00000000a7100000, 0x00000000a7100000| Untracked 
|  84|0x00000000a7200000, 0x00000000a7200000, 0x00000000a7300000|  0%| F|  |TAMS 0x00000000a7200000, 0x00000000a7200000| Untracked 
|  85|0x00000000a7300000, 0x00000000a7300000, 0x00000000a7400000|  0%| F|  |TAMS 0x00000000a7300000, 0x00000000a7300000| Untracked 
|  86|0x00000000a7400000, 0x00000000a7400000, 0x00000000a7500000|  0%| F|  |TAMS 0x00000000a7400000, 0x00000000a7400000| Untracked 
|  87|0x00000000a7500000, 0x00000000a7500000, 0x00000000a7600000|  0%| F|  |TAMS 0x00000000a7500000, 0x00000000a7500000| Untracked 
|  88|0x00000000a7600000, 0x00000000a7600000, 0x00000000a7700000|  0%| F|  |TAMS 0x00000000a7600000, 0x00000000a7600000| Untracked 
|  89|0x00000000a7700000, 0x00000000a7700000, 0x00000000a7800000|  0%| F|  |TAMS 0x00000000a7700000, 0x00000000a7700000| Untracked 
|  90|0x00000000a7800000, 0x00000000a789a3c8, 0x00000000a7900000| 60%| E|  |TAMS 0x00000000a7800000, 0x00000000a7800000| Complete 
|  91|0x00000000a7900000, 0x00000000a7a00000, 0x00000000a7a00000|100%| E|CS|TAMS 0x00000000a7900000, 0x00000000a7900000| Complete 
|  92|0x00000000a7a00000, 0x00000000a7b00000, 0x00000000a7b00000|100%| E|CS|TAMS 0x00000000a7a00000, 0x00000000a7a00000| Complete 
|  93|0x00000000a7b00000, 0x00000000a7c00000, 0x00000000a7c00000|100%| E|CS|TAMS 0x00000000a7b00000, 0x00000000a7b00000| Complete 
|  94|0x00000000a7c00000, 0x00000000a7d00000, 0x00000000a7d00000|100%| E|CS|TAMS 0x00000000a7c00000, 0x00000000a7c00000| Complete 
|  95|0x00000000a7d00000, 0x00000000a7e00000, 0x00000000a7e00000|100%| E|CS|TAMS 0x00000000a7d00000, 0x00000000a7d00000| Complete 

Card table byte_map: [0x00000213a23a0000,0x00000213a26a0000] _byte_map_base: 0x00000213a1e91000

Marking Bits (Prev, Next): (CMBitMap*) 0x000002138fc18e10, (CMBitMap*) 0x000002138fc18e50
 Prev Bits: [0x00000213a29a0000, 0x00000213a4128000)
 Next Bits: [0x00000213a4130000, 0x00000213a58b8000)

Polling page: 0x000002138d9f0000

Metaspace:

Usage:
  Non-class:      8.39 MB used.
      Class:    879.66 KB used.
       Both:      9.25 MB used.

Virtual space:
  Non-class space:       16.00 MB reserved,       8.44 MB ( 53%) committed,  2 nodes.
      Class space:        1.00 GB reserved,     960.00 KB ( <1%) committed,  1 nodes.
             Both:        1.02 GB reserved,       9.38 MB ( <1%) committed. 

Chunk freelists:
   Non-Class:  2.77 MB
       Class:  3.09 MB
        Both:  5.86 MB

MaxMetaspaceSize: unlimited
CompressedClassSpaceSize: 1.00 GB
Initial GC threshold: 21.00 MB
Current GC threshold: 21.00 MB
CDS: off
MetaspaceReclaimPolicy: balanced
 - commit_granule_bytes: 65536.
 - commit_granule_words: 8192.
 - virtual_space_node_default_size: 1048576.
 - enlarge_chunks_in_place: 1.
 - new_chunks_are_fully_committed: 0.
 - uncommit_free_chunks: 1.
 - use_allocation_guard: 0.
 - handle_deallocations: 1.


Internal statistics:

num_allocs_failed_limit: 0.
num_arena_births: 14.
num_arena_deaths: 0.
num_vsnodes_births: 3.
num_vsnodes_deaths: 0.
num_space_committed: 150.
num_space_uncommitted: 0.
num_chunks_returned_to_freelist: 0.
num_chunks_taken_from_freelist: 77.
num_chunk_merges: 0.
num_chunk_splits: 43.
num_chunks_enlarged: 38.
num_purges: 0.
num_inconsistent_stats: 0.

CodeHeap 'non-profiled nmethods': size=120000Kb used=232Kb max_used=232Kb free=119767Kb
 bounds [0x000002139ab70000, 0x000002139ade0000, 0x00000213a20a0000]
CodeHeap 'profiled nmethods': size=120000Kb used=1248Kb max_used=1248Kb free=118751Kb
 bounds [0x00000213930a0000, 0x0000021393310000, 0x000002139a5d0000]
CodeHeap 'non-nmethods': size=5760Kb used=1124Kb max_used=1142Kb free=4635Kb
 bounds [0x000002139a5d0000, 0x000002139a840000, 0x000002139ab70000]
 total_blobs=1120 nmethods=712 adapters=321
 compilation: enabled
              stopped_count=0, restarted_count=0
 full_count=0

Compilation events (20 events):
Event: 1.530 Thread 0x00000213a88152a0  690       4       java.lang.AbstractStringBuilder::putStringAt (12 bytes)
Event: 1.530 Thread 0x00000213a8816340 nmethod 700 0x00000213931d1a90 code [0x00000213931d1ea0, 0x00000213931d41d8]
Event: 1.530 Thread 0x00000213a8816340  701       3       java.util.AbstractSequentialList::<init> (5 bytes)
Event: 1.530 Thread 0x00000213a8816340 nmethod 701 0x00000213931d5290 code [0x00000213931d5440, 0x00000213931d5678]
Event: 1.533 Thread 0x00000213a88152a0 nmethod 690 0x000002139aba8910 code [0x000002139aba8aa0, 0x000002139aba8c38]
Event: 1.536 Thread 0x00000213a8816340  704       3       java.lang.ref.SoftReference::get (29 bytes)
Event: 1.536 Thread 0x00000213a8816340 nmethod 704 0x00000213931d5790 code [0x00000213931d5920, 0x00000213931d5af8]
Event: 1.540 Thread 0x00000213a88152a0  706       4       java.util.concurrent.ConcurrentHashMap::setTabAt (20 bytes)
Event: 1.542 Thread 0x00000213a88152a0 nmethod 706 0x000002139aba9590 code [0x000002139aba9700, 0x000002139aba9818]
Event: 1.542 Thread 0x00000213a8816340  707   !   3       jdk.internal.loader.URLClassPath$JarLoader::checkResource (78 bytes)
Event: 1.544 Thread 0x00000213a8816340 nmethod 707 0x00000213931d5b90 code [0x00000213931d5de0, 0x00000213931d67e8]
Event: 1.545 Thread 0x00000213a8816340  708       3       java.util.ArrayList::elementData (7 bytes)
Event: 1.546 Thread 0x00000213a8816340 nmethod 708 0x00000213931d6c90 code [0x00000213931d6e20, 0x00000213931d6f58]
Event: 1.547 Thread 0x00000213a8816340  709       3       java.lang.String::indexOf (18 bytes)
Event: 1.547 Thread 0x00000213a8816340 nmethod 709 0x00000213931d7010 code [0x00000213931d71e0, 0x00000213931d74a8]
Event: 1.547 Thread 0x00000213a8816340  710       3       java.lang.String::indexOf (113 bytes)
Event: 1.548 Thread 0x00000213a8816340 nmethod 710 0x00000213931d7610 code [0x00000213931d7840, 0x00000213931d7e68]
Event: 1.551 Thread 0x00000213a88152a0  711       4       java.util.HashMap::getNode (150 bytes)
Event: 1.556 Thread 0x00000213a8816340  712       3       java.lang.Object::equals (11 bytes)
Event: 1.556 Thread 0x00000213a8816340 nmethod 712 0x00000213931d8010 code [0x00000213931d81a0, 0x00000213931d8318]

GC Heap History (2 events):
Event: 1.247 GC heap before
{Heap before GC invocations=0 (full 0):
 garbage-first heap   total 98304K, used 15360K [0x00000000a1e00000, 0x0000000100000000)
  region size 1024K, 13 young (13312K), 0 survivors (0K)
 Metaspace       used 8395K, committed 8512K, reserved 1056768K
  class space    used 738K, committed 768K, reserved 1048576K
}
Event: 1.255 GC heap after
{Heap after GC invocations=1 (full 0):
 garbage-first heap   total 98304K, used 3296K [0x00000000a1e00000, 0x0000000100000000)
  region size 1024K, 2 young (2048K), 2 survivors (2048K)
 Metaspace       used 8395K, committed 8512K, reserved 1056768K
  class space    used 738K, committed 768K, reserved 1048576K
}

Dll operation events (2 events):
Event: 0.011 Loaded shared library C:\Program Files\Android\Android Studio\jbr\bin\java.dll
Event: 0.229 Loaded shared library C:\Program Files\Android\Android Studio\jbr\bin\verify.dll

Deoptimization events (20 events):
Event: 1.115 Thread 0x000002138fbcb5b0 DEOPT PACKING pc=0x000002139ab950c4 sp=0x00000090652fcd60
Event: 1.115 Thread 0x000002138fbcb5b0 DEOPT UNPACKING pc=0x000002139a6269a3 sp=0x00000090652fccd8 mode 2
Event: 1.175 Thread 0x000002138fbcb5b0 Uncommon trap: trap_request=0xffffffde fr.pc=0x000002139ab9894c relative=0x0000000000000dcc
Event: 1.175 Thread 0x000002138fbcb5b0 Uncommon trap: reason=class_check action=maybe_recompile pc=0x000002139ab9894c method=java.util.HashMap.putVal(ILjava/lang/Object;Ljava/lang/Object;ZZ)Ljava/lang/Object; @ 91 c2
Event: 1.175 Thread 0x000002138fbcb5b0 DEOPT PACKING pc=0x000002139ab9894c sp=0x00000090652f9560
Event: 1.175 Thread 0x000002138fbcb5b0 DEOPT UNPACKING pc=0x000002139a6269a3 sp=0x00000090652f94f0 mode 2
Event: 1.226 Thread 0x000002138fbcb5b0 Uncommon trap: trap_request=0xffffffde fr.pc=0x000002139ab989b8 relative=0x0000000000000e38
Event: 1.226 Thread 0x000002138fbcb5b0 Uncommon trap: reason=class_check action=maybe_recompile pc=0x000002139ab989b8 method=java.util.HashMap.putVal(ILjava/lang/Object;Ljava/lang/Object;ZZ)Ljava/lang/Object; @ 203 c2
Event: 1.226 Thread 0x000002138fbcb5b0 DEOPT PACKING pc=0x000002139ab989b8 sp=0x00000090652f9560
Event: 1.226 Thread 0x000002138fbcb5b0 DEOPT UNPACKING pc=0x000002139a6269a3 sp=0x00000090652f94f0 mode 2
Event: 1.227 Thread 0x000002138fbcb5b0 Uncommon trap: trap_request=0xffffffde fr.pc=0x000002139ab9894c relative=0x0000000000000dcc
Event: 1.227 Thread 0x000002138fbcb5b0 Uncommon trap: reason=class_check action=maybe_recompile pc=0x000002139ab9894c method=java.util.HashMap.putVal(ILjava/lang/Object;Ljava/lang/Object;ZZ)Ljava/lang/Object; @ 91 c2
Event: 1.227 Thread 0x000002138fbcb5b0 DEOPT PACKING pc=0x000002139ab9894c sp=0x00000090652f9560
Event: 1.227 Thread 0x000002138fbcb5b0 DEOPT UNPACKING pc=0x000002139a6269a3 sp=0x00000090652f94f0 mode 2
Event: 1.272 Thread 0x000002138fbcb5b0 DEOPT PACKING pc=0x00000213930ddc18 sp=0x00000090652f8af0
Event: 1.272 Thread 0x000002138fbcb5b0 DEOPT UNPACKING pc=0x000002139a627143 sp=0x00000090652f7fb0 mode 0
Event: 1.310 Thread 0x000002138fbcb5b0 Uncommon trap: trap_request=0xffffffde fr.pc=0x000002139ab989b8 relative=0x0000000000000e38
Event: 1.310 Thread 0x000002138fbcb5b0 Uncommon trap: reason=class_check action=maybe_recompile pc=0x000002139ab989b8 method=java.util.HashMap.putVal(ILjava/lang/Object;Ljava/lang/Object;ZZ)Ljava/lang/Object; @ 203 c2
Event: 1.310 Thread 0x000002138fbcb5b0 DEOPT PACKING pc=0x000002139ab989b8 sp=0x00000090652fbae0
Event: 1.310 Thread 0x000002138fbcb5b0 DEOPT UNPACKING pc=0x000002139a6269a3 sp=0x00000090652fba70 mode 2

Classes unloaded (0 events):
No events

Classes redefined (0 events):
No events

Internal exceptions (1 events):
Event: 0.547 Thread 0x000002138fbcb5b0 Exception <a 'java/lang/NoSuchMethodError'{0x00000000a7a15a18}: 'int java.lang.invoke.DirectMethodHandle$Holder.invokeStaticInit(java.lang.Object, java.lang.Object)'> (0x00000000a7a15a18) 
thrown [s\src\hotspot\share\interpreter\linkResolver.cpp, line 771]

VM Operations (8 events):
Event: 0.217 Executing VM operation: HandshakeAllThreads
Event: 0.217 Executing VM operation: HandshakeAllThreads done
Event: 1.224 Executing VM operation: Cleanup
Event: 1.225 Executing VM operation: Cleanup done
Event: 1.247 Executing VM operation: G1CollectForAllocation
Event: 1.255 Executing VM operation: G1CollectForAllocation done
Event: 1.543 Executing VM operation: HandshakeAllThreads
Event: 1.543 Executing VM operation: HandshakeAllThreads done

Events (20 events):
Event: 1.534 loading class java/util/concurrent/ConcurrentLinkedQueue
Event: 1.535 loading class java/util/concurrent/ConcurrentLinkedQueue done
Event: 1.535 loading class java/util/concurrent/ConcurrentLinkedQueue$Node
Event: 1.535 loading class java/util/concurrent/ConcurrentLinkedQueue$Node done
Event: 1.539 loading class java/lang/reflect/ParameterizedType
Event: 1.539 loading class java/lang/reflect/ParameterizedType done
Event: 1.554 loading class java/util/logging/Level
Event: 1.555 loading class java/util/logging/Level done
Event: 1.555 loading class java/util/logging/Level$KnownLevel
Event: 1.555 loading class java/util/logging/Level$KnownLevel done
Event: 1.557 loading class java/util/logging/Logger
Event: 1.558 loading class java/util/logging/Logger done
Event: 1.559 loading class java/util/logging/Handler
Event: 1.559 loading class java/util/logging/Handler done
Event: 1.559 loading class java/util/logging/Logger$LoggerBundle
Event: 1.559 loading class java/util/logging/Logger$LoggerBundle done
Event: 1.559 loading class java/util/logging/Logger$ConfigurationData
Event: 1.559 loading class java/util/logging/Logger$ConfigurationData done
Event: 1.560 loading class java/util/logging/LogManager
Event: 1.561 loading class java/util/logging/LogManager done


Dynamic libraries:
0x00007ff6cf890000 - 0x00007ff6cf89a000 	C:\Program Files\Android\Android Studio\jbr\bin\java.exe
0x00007ffdf0550000 - 0x00007ffdf0747000 	C:\Windows\SYSTEM32\ntdll.dll
0x00007ffdf03a0000 - 0x00007ffdf045d000 	C:\Windows\System32\KERNEL32.DLL
0x00007ffdedea0000 - 0x00007ffdee196000 	C:\Windows\System32\KERNELBASE.dll
0x00007ffdee440000 - 0x00007ffdee540000 	C:\Windows\System32\ucrtbase.dll
0x00007ffde4ae0000 - 0x00007ffde4afb000 	C:\Program Files\Android\Android Studio\jbr\bin\VCRUNTIME140.dll
0x00007ffde81c0000 - 0x00007ffde81d7000 	C:\Program Files\Android\Android Studio\jbr\bin\jli.dll
0x00007ffdeeeb0000 - 0x00007ffdef04e000 	C:\Windows\System32\USER32.dll
0x00007ffdede70000 - 0x00007ffdede92000 	C:\Windows\System32\win32u.dll
0x00007ffdee5b0000 - 0x00007ffdee5dc000 	C:\Windows\System32\GDI32.dll
0x00007ffdee320000 - 0x00007ffdee43a000 	C:\Windows\System32\gdi32full.dll
0x00007ffdee280000 - 0x00007ffdee31d000 	C:\Windows\System32\msvcp_win.dll
0x00007ffddd330000 - 0x00007ffddd5ca000 	C:\Windows\WinSxS\amd64_microsoft.windows.common-controls_6595b64144ccf1df_6.0.19041.3570_none_60bb2a3971f3e41a\COMCTL32.dll
0x00007ffdeeb90000 - 0x00007ffdeec2e000 	C:\Windows\System32\msvcrt.dll
0x00007ffdeec30000 - 0x00007ffdeec60000 	C:\Windows\System32\IMM32.DLL
0x00007ffde81b0000 - 0x00007ffde81bc000 	C:\Program Files\Android\Android Studio\jbr\bin\vcruntime140_1.dll
0x00007ffdd1620000 - 0x00007ffdd16ad000 	C:\Program Files\Android\Android Studio\jbr\bin\msvcp140.dll
0x00007ffdc2760000 - 0x00007ffdc33ce000 	C:\Program Files\Android\Android Studio\jbr\bin\server\jvm.dll
0x00007ffdf0460000 - 0x00007ffdf050e000 	C:\Windows\System32\ADVAPI32.dll
0x00007ffdeeda0000 - 0x00007ffdeee3c000 	C:\Windows\System32\sechost.dll
0x00007ffdeea50000 - 0x00007ffdeeb76000 	C:\Windows\System32\RPCRT4.dll
0x00007ffde4ad0000 - 0x00007ffde4ad9000 	C:\Windows\SYSTEM32\WSOCK32.dll
0x00007ffdf0260000 - 0x00007ffdf02cb000 	C:\Windows\System32\WS2_32.dll
0x00007ffde1610000 - 0x00007ffde1637000 	C:\Windows\SYSTEM32\WINMM.dll
0x00007ffde1710000 - 0x00007ffde171a000 	C:\Windows\SYSTEM32\VERSION.dll
0x00007ffdebad0000 - 0x00007ffdebae2000 	C:\Windows\SYSTEM32\kernel.appcore.dll
0x00007ffde4ac0000 - 0x00007ffde4aca000 	C:\Program Files\Android\Android Studio\jbr\bin\jimage.dll
0x00007ffde76a0000 - 0x00007ffde7884000 	C:\Windows\SYSTEM32\DBGHELP.DLL
0x00007ffde6ca0000 - 0x00007ffde6cd4000 	C:\Windows\SYSTEM32\dbgcore.DLL
0x00007ffdee1a0000 - 0x00007ffdee222000 	C:\Windows\System32\bcryptPrimitives.dll
0x00007ffdd65a0000 - 0x00007ffdd65c5000 	C:\Program Files\Android\Android Studio\jbr\bin\java.dll
0x00007ffddaf60000 - 0x00007ffddaf78000 	C:\Program Files\Android\Android Studio\jbr\bin\zip.dll
0x00007ffdef620000 - 0x00007ffdefd64000 	C:\Windows\System32\SHELL32.dll
0x00007ffdebcd0000 - 0x00007ffdec46b000 	C:\Windows\SYSTEM32\windows.storage.dll
0x00007ffdefdf0000 - 0x00007ffdf0144000 	C:\Windows\System32\combase.dll
0x00007ffded5a0000 - 0x00007ffded5cd000 	C:\Windows\SYSTEM32\Wldp.dll
0x00007ffdf0150000 - 0x00007ffdf01fd000 	C:\Windows\System32\SHCORE.dll
0x00007ffdf0200000 - 0x00007ffdf0255000 	C:\Windows\System32\shlwapi.dll
0x00007ffdedb60000 - 0x00007ffdedb85000 	C:\Windows\SYSTEM32\profapi.dll
0x00007ffdd6580000 - 0x00007ffdd6599000 	C:\Program Files\Android\Android Studio\jbr\bin\net.dll
0x00007ffde4f50000 - 0x00007ffde505a000 	C:\Windows\SYSTEM32\WINHTTP.dll
0x00007ffded300000 - 0x00007ffded36a000 	C:\Windows\system32\mswsock.dll
0x00007ffdd6560000 - 0x00007ffdd6576000 	C:\Program Files\Android\Android Studio\jbr\bin\nio.dll
0x00007ffde4ab0000 - 0x00007ffde4ac0000 	C:\Program Files\Android\Android Studio\jbr\bin\verify.dll

dbghelp: loaded successfully - version: 4.0.5 - missing functions: none
symbol engine: initialized successfully - sym options: 0x614 - pdb path: .;C:\Program Files\Android\Android Studio\jbr\bin;C:\Windows\SYSTEM32;C:\Windows\WinSxS\amd64_microsoft.windows.common-controls_6595b64144ccf1df_6.0.19041.3570_none_60bb2a3971f3e41a;C:\Program Files\Android\Android Studio\jbr\bin\server

VM Arguments:
jvm_args: -Dorg.gradle.appname=gradlew 
java_command: org.gradle.wrapper.GradleWrapperMain -q -Ptarget-platform=android-arm64 -Ptarget=D:\simulasi_app\belajar_app\lib\main.dart -Pbase-application-name=android.app.Application -Pdart-defines=RkxVVFRFUl9XRUJfQVVUT19ERVRFQ1Q9dHJ1ZQ==,RkxVVFRFUl9XRUJfQ0FOVkFTS0lUX1VSTD1odHRwczovL3d3dy5nc3RhdGljLmNvbS9mbHV0dGVyLWNhbnZhc2tpdC9iZDk4NmM1ZWQyMGE2MmRjMzRiNzcxOGM1MGFiYzc4MmJlYWU0YzMzLw== -Pdart-obfuscation=false -Ptrack-widget-creation=true -Ptree-shake-icons=false -Pfilesystem-scheme=org-dartlang-root assembleDebug
java_class_path (initial): D:\simulasi_app\belajar_app\android\\gradle\wrapper\gradle-wrapper.jar
Launcher Type: SUN_STANDARD

[Global flags]
     intx CICompilerCount                          = 3                                         {product} {ergonomic}
     uint ConcGCThreads                            = 1                                         {product} {ergonomic}
     uint G1ConcRefinementThreads                  = 4                                         {product} {ergonomic}
   size_t G1HeapRegionSize                         = 1048576                                   {product} {ergonomic}
    uintx GCDrainStackTargetSize                   = 64                                        {product} {ergonomic}
   size_t InitialHeapSize                          = 100663296                                 {product} {ergonomic}
   size_t MarkStackSize                            = 4194304                                   {product} {ergonomic}
   size_t MaxHeapSize                              = 1579155456                                {product} {ergonomic}
   size_t MaxNewSize                               = 946864128                                 {product} {ergonomic}
   size_t MinHeapDeltaBytes                        = 1048576                                   {product} {ergonomic}
   size_t MinHeapSize                              = 8388608                                   {product} {ergonomic}
    uintx NonNMethodCodeHeapSize                   = 5832780                                {pd product} {ergonomic}
    uintx NonProfiledCodeHeapSize                  = 122912730                              {pd product} {ergonomic}
    uintx ProfiledCodeHeapSize                     = 122912730                              {pd product} {ergonomic}
    uintx ReservedCodeCacheSize                    = 251658240                              {pd product} {ergonomic}
     bool SegmentedCodeCache                       = true                                      {product} {ergonomic}
   size_t SoftMaxHeapSize                          = 1579155456                             {manageable} {ergonomic}
     bool UseCompressedClassPointers               = true                           {product lp64_product} {ergonomic}
     bool UseCompressedOops                        = true                           {product lp64_product} {ergonomic}
     bool UseG1GC                                  = true                                      {product} {ergonomic}
     bool UseLargePagesIndividualAllocation        = false                                  {pd product} {ergonomic}

Logging:
Log output configuration:
 #0: stdout all=warning uptime,level,tags
 #1: stderr all=off uptime,level,tags

Environment Variables:
JAVA_HOME=C:\Program Files\Android\Android Studio\jbr
CLASSPATH=D:\simulasi_app\belajar_app\android\\gradle\wrapper\gradle-wrapper.jar
PATH=C:\Program Files\Android\Android Studio\jbr\bin;C:\Program Files\Common Files\Oracle\Java\javapath;C:\Windows\system32;C:\Windows;C:\Windows\System32\Wbem;C:\Windows\System32\WindowsPowerShell\v1.0\;C:\Windows\System32\OpenSSH\;C:\Program Files (x86)\Microsoft SQL Server\100\Tools\Binn\;C:\Program Files\Microsoft SQL Server\100\Tools\Binn\;C:\Program Files\Microsoft SQL Server\100\DTS\Binn\;C:\Program Files (x86)\Microsoft SQL Server\100\Tools\Binn\VSShell\Common7\IDE\;C:\Program Files (x86)\Microsoft SQL Server\100\DTS\Binn\;C:\Program Files\Git\cmd;C:\flutter\bin;C:\Users\LP3I\AppData\Local\Microsoft\WindowsApps;C:\Users\LP3I\AppData\Local\Programs\Microsoft VS Code\bin;C:\flutter\bin;;C:\flutter\bin\mingit\cmd
USERNAME=LP3I
OS=Windows_NT
PROCESSOR_IDENTIFIER=Intel64 Family 6 Model 42 Stepping 7, GenuineIntel
TMP=C:\Users\LP3I\AppData\Local\Temp
TEMP=C:\Users\LP3I\AppData\Local\Temp


JNI global refs:
JNI global refs: 7, weak refs: 0

JNI global refs memory usage: 843, weak refs: 209


---------------  S Y S T E M  ---------------

OS:
 Windows 10 , 64 bit Build 19041 (10.0.19041.3570)
OS uptime: 0 days 0:26 hours

CPU: total 4 (initial active 4) (2 cores per cpu, 2 threads per core) family 6 model 42 stepping 7 microcode 0x2f, cx8, cmov, fxsr, ht, mmx, sse, sse2, sse3, ssse3, sse4.1, sse4.2, popcnt, tsc, tscinvbit, avx, clmul, vzeroupper, clflush

Memory: 4k page, system-wide physical 6018M (133M free)
TotalPageFile size 7046M (AvailPageFile size 0M)
current process WorkingSet (physical memory assigned to process): 63M, peak: 63M
current process commit charge ("private bytes"): 175M, peak: 175M

vm_info: OpenJDK 64-Bit Server VM (17.0.6+0-b2043.56-10027231) for windows-amd64 JRE (17.0.6+0-b2043.56-10027231), built on Apr 28 2023 00:43:19 by "androidbuild" with MS VC++ 16.10 / 16.11 (VS2019)

END.
